2017-03-13T02:01:57.086Z - info: T29BP9W7L usage: 82
2017-03-13T02:01:57.087Z - info: T04UC58N2 usage: 0
2017-03-13T02:01:57.095Z - info: SET_NETWORK_STATUS : "online"
2017-03-13T02:01:57.170Z - info: Checking network connection to Slack...
2017-03-13T02:01:57.183Z - info: Bugsnag user: U29BJ6XAT
2017-03-13T02:07:59.063Z - info: Couldn't tickle MS: Cannot read property 'maybeTickleMS' of undefined
2017-03-13T02:08:59.065Z - info: Couldn't tickle MS: Cannot read property 'maybeTickleMS' of undefined
2017-03-13T02:09:59.069Z - info: Couldn't tickle MS: Cannot read property 'maybeTickleMS' of undefined
2017-03-13T02:10:59.072Z - info: Couldn't tickle MS: Cannot read property 'maybeTickleMS' of undefined
2017-03-13T02:11:47.241Z - info: SET_NETWORK_STATUS : "offline"
2017-03-13T02:47:55.659Z - info: Couldn't tickle MS: Cannot read property 'maybeTickleMS' of undefined
2017-03-13T02:47:58.306Z - info: Checking network connection to Slack...
2017-03-13T02:48:00.808Z - info: Checking network connection to Slack...
2017-03-13T02:48:03.307Z - info: Checking network connection to Slack...
2017-03-13T02:48:03.795Z - info: SET_NETWORK_STATUS : "online"
2017-03-13T02:48:55.668Z - info: Couldn't tickle MS: Cannot read property 'maybeTickleMS' of undefined
2017-03-13T02:49:55.667Z - info: Couldn't tickle MS: Cannot read property 'maybeTickleMS' of undefined
2017-03-13T02:50:55.672Z - info: Couldn't tickle MS: Cannot read property 'maybeTickleMS' of undefined
2017-03-13T02:51:55.676Z - info: Couldn't tickle MS: Cannot read property 'maybeTickleMS' of undefined
2017-03-13T02:52:55.679Z - info: Couldn't tickle MS: Cannot read property 'maybeTickleMS' of undefined
2017-03-13T02:53:55.683Z - info: Couldn't tickle MS: Cannot read property 'maybeTickleMS' of undefined
2017-03-13T02:54:55.685Z - info: Couldn't tickle MS: Cannot read property 'maybeTickleMS' of undefined
2017-03-13T02:55:55.689Z - info: Couldn't tickle MS: Cannot read property 'maybeTickleMS' of undefined
2017-03-13T02:56:55.692Z - info: Couldn't tickle MS: Cannot read property 'maybeTickleMS' of undefined
2017-03-13T02:57:55.695Z - info: Couldn't tickle MS: Cannot read property 'maybeTickleMS' of undefined
2017-03-13T02:58:55.697Z - info: Couldn't tickle MS: Cannot read property 'maybeTickleMS' of undefined
2017-03-13T02:59:55.703Z - info: Couldn't tickle MS: Cannot read property 'maybeTickleMS' of undefined
2017-03-13T03:00:55.706Z - info: Couldn't tickle MS: Cannot read property 'maybeTickleMS' of undefined
2017-03-13T03:01:55.712Z - info: Couldn't tickle MS: Cannot read property 'maybeTickleMS' of undefined
2017-03-13T03:02:55.714Z - info: Couldn't tickle MS: Cannot read property 'maybeTickleMS' of undefined
2017-03-13T03:03:55.722Z - info: Couldn't tickle MS: Cannot read property 'maybeTickleMS' of undefined
2017-03-13T03:04:55.721Z - info: Couldn't tickle MS: Cannot read property 'maybeTickleMS' of undefined
2017-03-13T03:05:55.726Z - info: Couldn't tickle MS: Cannot read property 'maybeTickleMS' of undefined
2017-03-13T03:06:55.729Z - info: Couldn't tickle MS: Cannot read property 'maybeTickleMS' of undefined
2017-03-13T03:07:55.733Z - info: Couldn't tickle MS: Cannot read property 'maybeTickleMS' of undefined
2017-03-13T03:08:55.736Z - info: Couldn't tickle MS: Cannot read property 'maybeTickleMS' of undefined
2017-03-13T03:15:55.743Z - info: Couldn't tickle MS: Cannot read property 'maybeTickleMS' of undefined
2017-03-13T03:16:55.746Z - info: Couldn't tickle MS: Cannot read property 'maybeTickleMS' of undefined
2017-03-13T03:17:55.750Z - info: Couldn't tickle MS: Cannot read property 'maybeTickleMS' of undefined
2017-03-13T03:18:55.755Z - info: Couldn't tickle MS: Cannot read property 'maybeTickleMS' of undefined
2017-03-13T03:19:55.756Z - info: Couldn't tickle MS: Cannot read property 'maybeTickleMS' of undefined
2017-03-13T03:20:55.760Z - info: Couldn't tickle MS: Cannot read property 'maybeTickleMS' of undefined
2017-03-13T03:21:55.763Z - info: Couldn't tickle MS: Cannot read property 'maybeTickleMS' of undefined
2017-03-13T03:22:55.767Z - info: Couldn't tickle MS: Cannot read property 'maybeTickleMS' of undefined
2017-03-13T03:23:55.770Z - info: Couldn't tickle MS: Cannot read property 'maybeTickleMS' of undefined
2017-03-13T03:24:55.773Z - info: Couldn't tickle MS: Cannot read property 'maybeTickleMS' of undefined
2017-03-13T03:33:55.807Z - info: Couldn't tickle MS: Cannot read property 'maybeTickleMS' of undefined
2017-03-13T03:34:55.785Z - info: Couldn't tickle MS: Cannot read property 'maybeTickleMS' of undefined
2017-03-13T03:35:55.790Z - info: Couldn't tickle MS: Cannot read property 'maybeTickleMS' of undefined
2017-03-13T03:36:55.791Z - info: Couldn't tickle MS: Cannot read property 'maybeTickleMS' of undefined
2017-03-13T03:37:55.796Z - info: Couldn't tickle MS: Cannot read property 'maybeTickleMS' of undefined
2017-03-13T03:38:55.801Z - info: Couldn't tickle MS: Cannot read property 'maybeTickleMS' of undefined
2017-03-13T03:39:55.805Z - info: Couldn't tickle MS: Cannot read property 'maybeTickleMS' of undefined
2017-03-13T03:40:55.809Z - info: Couldn't tickle MS: Cannot read property 'maybeTickleMS' of undefined
2017-03-13T03:41:55.813Z - info: Couldn't tickle MS: Cannot read property 'maybeTickleMS' of undefined
2017-03-13T03:42:55.815Z - info: Couldn't tickle MS: Cannot read property 'maybeTickleMS' of undefined
