2017-03-06T20:23:18.849Z - info: SET_NETWORK_STATUS : "offline"
2017-03-06T20:24:48.226Z - info: Checking network connection to Slack...
2017-03-06T20:24:50.730Z - info: Checking network connection to Slack...
2017-03-06T20:24:53.230Z - info: Checking network connection to Slack...
2017-03-06T20:24:53.767Z - info: SET_NETWORK_STATUS : "online"
2017-03-06T20:24:53.844Z - info: T29BP9W7L usage: 82
2017-03-06T20:24:53.844Z - info: T04UC58N2 usage: 0
2017-03-06T20:24:56.023Z - info: Bugsnag user: U29BJ6XAT
2017-03-06T21:13:40.898Z - info: SET_NETWORK_STATUS : "offline"
2017-03-06T21:27:55.348Z - info: Checking network connection to Slack...
2017-03-06T21:27:57.850Z - info: Checking network connection to Slack...
2017-03-06T21:28:00.350Z - info: Checking network connection to Slack...
2017-03-06T21:28:01.058Z - info: SET_NETWORK_STATUS : "online"
2017-03-06T22:42:23.675Z - info: SET_NETWORK_STATUS : "offline"
2017-03-07T01:42:54.666Z - info: Checking network connection to Slack...
2017-03-07T01:42:57.167Z - info: Checking network connection to Slack...
2017-03-07T01:42:59.667Z - info: Checking network connection to Slack...
2017-03-07T01:43:00.153Z - info: SET_NETWORK_STATUS : "online"
2017-03-07T04:05:15.438Z - info: SET_NETWORK_STATUS : "offline"
2017-03-07T20:57:25.123Z - info: Checking network connection to Slack...
2017-03-07T20:57:27.624Z - info: Checking network connection to Slack...
2017-03-07T20:57:30.124Z - info: Checking network connection to Slack...
2017-03-07T20:57:30.584Z - info: SET_NETWORK_STATUS : "online"
2017-03-07T21:35:59.513Z - info: SET_NETWORK_STATUS : "offline"
2017-03-07T21:50:18.963Z - info: Checking network connection to Slack...
2017-03-07T21:50:18.964Z - info: SET_NETWORK_STATUS : "online"
2017-03-07T21:50:19.963Z - info: SET_NETWORK_STATUS : "offline"
2017-03-07T21:50:21.963Z - info: Checking network connection to Slack...
2017-03-07T21:50:22.963Z - info: SET_NETWORK_STATUS : "online"
2017-03-07T23:05:54.963Z - info: SET_NETWORK_STATUS : "offline"
2017-03-08T00:48:15.970Z - info: Checking network connection to Slack...
2017-03-08T00:48:15.971Z - info: SET_NETWORK_STATUS : "online"
2017-03-08T00:48:16.970Z - info: SET_NETWORK_STATUS : "offline"
2017-03-08T00:48:18.970Z - info: Checking network connection to Slack...
2017-03-08T00:48:19.970Z - info: SET_NETWORK_STATUS : "online"
2017-03-08T02:24:14.853Z - info: SET_NETWORK_STATUS : "offline"
2017-03-08T04:14:26.360Z - info: Checking network connection to Slack...
2017-03-08T04:14:28.861Z - info: Checking network connection to Slack...
2017-03-08T04:14:31.361Z - info: Checking network connection to Slack...
2017-03-08T04:14:31.852Z - info: SET_NETWORK_STATUS : "online"
2017-03-08T05:33:20.468Z - info: SET_NETWORK_STATUS : "offline"
2017-03-08T05:45:35.560Z - info: Checking network connection to Slack...
2017-03-08T05:45:38.061Z - info: Checking network connection to Slack...
2017-03-08T05:45:40.561Z - info: Checking network connection to Slack...
2017-03-08T05:45:41.042Z - info: SET_NETWORK_STATUS : "online"
2017-03-08T06:04:13.570Z - info: SET_NETWORK_STATUS : "offline"
2017-03-08T19:35:03.381Z - info: Checking network connection to Slack...
2017-03-08T19:35:05.882Z - info: Checking network connection to Slack...
2017-03-08T19:35:08.382Z - info: Checking network connection to Slack...
2017-03-08T19:35:08.888Z - info: SET_NETWORK_STATUS : "online"
2017-03-08T19:45:51.974Z - info: SET_NETWORK_STATUS : "offline"
2017-03-08T19:54:24.323Z - info: Checking network connection to Slack...
2017-03-08T19:54:26.824Z - info: Checking network connection to Slack...
2017-03-08T19:54:29.324Z - info: Checking network connection to Slack...
2017-03-08T19:54:29.809Z - info: SET_NETWORK_STATUS : "online"
2017-03-08T20:41:10.912Z - info: SET_NETWORK_STATUS : "offline"
2017-03-08T20:50:59.440Z - info: Checking network connection to Slack...
2017-03-08T20:51:01.942Z - info: Checking network connection to Slack...
2017-03-08T20:51:04.442Z - info: Checking network connection to Slack...
2017-03-08T20:51:04.883Z - info: SET_NETWORK_STATUS : "online"
2017-03-08T21:52:44.532Z - info: SET_NETWORK_STATUS : "offline"
2017-03-09T03:37:47.929Z - info: Checking network connection to Slack...
2017-03-09T03:37:47.930Z - info: SET_NETWORK_STATUS : "online"
2017-03-09T03:37:48.929Z - info: SET_NETWORK_STATUS : "offline"
2017-03-09T03:37:50.929Z - info: Checking network connection to Slack...
2017-03-09T03:37:53.929Z - info: Checking network connection to Slack...
2017-03-09T03:37:54.929Z - info: SET_NETWORK_STATUS : "online"
2017-03-09T03:37:57.174Z - info: WebView received redirect request from https://stohio.slack.com/messages/general/ to http://stohio.slack.com/messages/general
2017-03-09T03:37:57.179Z - info: WebView received redirect request from http://stohio.slack.com/messages/general to https://stohio.slack.com/messages/general
2017-03-09T03:37:58.141Z - info: WebView received redirect request from https://hacsoc.slack.com/messages/general/ to http://hacsoc.slack.com/messages/general
2017-03-09T03:37:58.144Z - info: WebView received redirect request from http://hacsoc.slack.com/messages/general to https://hacsoc.slack.com/messages/general
2017-03-09T03:37:59.129Z - warn: Attempting to update TeamView when unmounted
2017-03-09T03:37:59.129Z - warn: Attempting to update WebViewContext when unmounted
2017-03-09T03:37:59.129Z - warn: Attempting to update TeamView when unmounted
2017-03-09T03:37:59.129Z - warn: Attempting to update WebViewContext when unmounted
2017-03-09T04:33:50.929Z - info: SET_NETWORK_STATUS : "offline"
2017-03-09T04:48:26.109Z - info: Checking network connection to Slack...
2017-03-09T04:48:26.110Z - info: SET_NETWORK_STATUS : "online"
2017-03-09T04:48:27.109Z - info: SET_NETWORK_STATUS : "offline"
2017-03-09T04:48:29.109Z - info: Checking network connection to Slack...
2017-03-09T04:48:30.109Z - info: SET_NETWORK_STATUS : "online"
2017-03-09T04:53:47.133Z - info: Couldn't tickle MS: Cannot read property 'maybeTickleMS' of undefined
2017-03-09T04:54:47.155Z - info: Couldn't tickle MS: Cannot read property 'maybeTickleMS' of undefined
2017-03-09T04:55:47.151Z - info: Couldn't tickle MS: Cannot read property 'maybeTickleMS' of undefined
2017-03-09T04:56:47.166Z - info: Couldn't tickle MS: Cannot read property 'maybeTickleMS' of undefined
2017-03-09T04:57:47.162Z - info: Couldn't tickle MS: Cannot read property 'maybeTickleMS' of undefined
2017-03-09T04:58:47.183Z - info: Couldn't tickle MS: Cannot read property 'maybeTickleMS' of undefined
2017-03-09T04:59:47.186Z - info: Couldn't tickle MS: Cannot read property 'maybeTickleMS' of undefined
2017-03-09T05:00:47.187Z - info: Couldn't tickle MS: Cannot read property 'maybeTickleMS' of undefined
2017-03-09T05:01:47.200Z - info: Couldn't tickle MS: Cannot read property 'maybeTickleMS' of undefined
2017-03-09T05:02:47.207Z - info: Couldn't tickle MS: Cannot read property 'maybeTickleMS' of undefined
2017-03-09T05:03:47.208Z - info: Couldn't tickle MS: Cannot read property 'maybeTickleMS' of undefined
2017-03-09T05:04:47.218Z - info: Couldn't tickle MS: Cannot read property 'maybeTickleMS' of undefined
2017-03-09T05:05:47.237Z - info: Couldn't tickle MS: Cannot read property 'maybeTickleMS' of undefined
2017-03-09T05:06:47.238Z - info: Couldn't tickle MS: Cannot read property 'maybeTickleMS' of undefined
2017-03-09T05:07:47.247Z - info: Couldn't tickle MS: Cannot read property 'maybeTickleMS' of undefined
2017-03-09T05:08:47.243Z - info: Couldn't tickle MS: Cannot read property 'maybeTickleMS' of undefined
2017-03-09T05:09:47.253Z - info: Couldn't tickle MS: Cannot read property 'maybeTickleMS' of undefined
2017-03-09T05:10:47.270Z - info: Couldn't tickle MS: Cannot read property 'maybeTickleMS' of undefined
2017-03-09T05:11:47.259Z - info: Couldn't tickle MS: Cannot read property 'maybeTickleMS' of undefined
2017-03-09T05:12:47.263Z - info: Couldn't tickle MS: Cannot read property 'maybeTickleMS' of undefined
2017-03-09T05:13:47.267Z - info: Couldn't tickle MS: Cannot read property 'maybeTickleMS' of undefined
2017-03-09T05:14:47.268Z - info: Couldn't tickle MS: Cannot read property 'maybeTickleMS' of undefined
2017-03-09T05:15:47.272Z - info: Couldn't tickle MS: Cannot read property 'maybeTickleMS' of undefined
2017-03-09T05:16:47.274Z - info: Couldn't tickle MS: Cannot read property 'maybeTickleMS' of undefined
2017-03-09T05:17:47.276Z - info: Couldn't tickle MS: Cannot read property 'maybeTickleMS' of undefined
2017-03-09T05:18:47.279Z - info: Couldn't tickle MS: Cannot read property 'maybeTickleMS' of undefined
2017-03-09T05:19:47.280Z - info: Couldn't tickle MS: Cannot read property 'maybeTickleMS' of undefined
2017-03-09T05:20:47.284Z - info: Couldn't tickle MS: Cannot read property 'maybeTickleMS' of undefined
2017-03-09T05:21:47.286Z - info: Couldn't tickle MS: Cannot read property 'maybeTickleMS' of undefined
2017-03-09T05:22:47.288Z - info: Couldn't tickle MS: Cannot read property 'maybeTickleMS' of undefined
2017-03-09T05:23:47.291Z - info: Couldn't tickle MS: Cannot read property 'maybeTickleMS' of undefined
2017-03-09T05:24:47.294Z - info: Couldn't tickle MS: Cannot read property 'maybeTickleMS' of undefined
2017-03-09T05:25:47.297Z - info: Couldn't tickle MS: Cannot read property 'maybeTickleMS' of undefined
2017-03-09T05:26:47.302Z - info: Couldn't tickle MS: Cannot read property 'maybeTickleMS' of undefined
2017-03-09T05:27:47.298Z - info: Couldn't tickle MS: Cannot read property 'maybeTickleMS' of undefined
2017-03-09T05:28:47.303Z - info: Couldn't tickle MS: Cannot read property 'maybeTickleMS' of undefined
2017-03-09T05:29:47.306Z - info: Couldn't tickle MS: Cannot read property 'maybeTickleMS' of undefined
2017-03-09T05:30:13.244Z - info: SET_NETWORK_STATUS : "offline"
2017-03-09T06:02:13.646Z - info: Checking network connection to Slack...
2017-03-09T06:02:16.147Z - info: Checking network connection to Slack...
2017-03-09T06:02:18.647Z - info: Checking network connection to Slack...
2017-03-09T06:02:19.108Z - info: SET_NETWORK_STATUS : "online"
2017-03-09T06:02:34.899Z - info: Couldn't tickle MS: Cannot read property 'maybeTickleMS' of undefined
2017-03-09T06:03:34.899Z - info: Couldn't tickle MS: Cannot read property 'maybeTickleMS' of undefined
2017-03-09T06:04:34.907Z - info: Couldn't tickle MS: Cannot read property 'maybeTickleMS' of undefined
2017-03-09T06:05:34.910Z - info: Couldn't tickle MS: Cannot read property 'maybeTickleMS' of undefined
2017-03-09T06:06:34.913Z - info: Couldn't tickle MS: Cannot read property 'maybeTickleMS' of undefined
2017-03-09T06:07:34.916Z - info: Couldn't tickle MS: Cannot read property 'maybeTickleMS' of undefined
2017-03-09T06:08:34.930Z - info: Couldn't tickle MS: Cannot read property 'maybeTickleMS' of undefined
2017-03-09T06:09:34.924Z - info: Couldn't tickle MS: Cannot read property 'maybeTickleMS' of undefined
2017-03-09T06:10:34.929Z - info: Couldn't tickle MS: Cannot read property 'maybeTickleMS' of undefined
2017-03-09T06:11:34.927Z - info: Couldn't tickle MS: Cannot read property 'maybeTickleMS' of undefined
2017-03-09T06:12:34.948Z - info: Couldn't tickle MS: Cannot read property 'maybeTickleMS' of undefined
2017-03-09T06:13:34.959Z - info: Couldn't tickle MS: Cannot read property 'maybeTickleMS' of undefined
2017-03-09T06:14:34.949Z - info: Couldn't tickle MS: Cannot read property 'maybeTickleMS' of undefined
2017-03-09T06:15:34.963Z - info: Couldn't tickle MS: Cannot read property 'maybeTickleMS' of undefined
2017-03-09T06:16:10.057Z - info: SET_NETWORK_STATUS : "offline"
2017-03-09T19:44:40.939Z - info: Checking network connection to Slack...
2017-03-09T19:44:43.440Z - info: Checking network connection to Slack...
2017-03-09T19:44:45.940Z - info: Checking network connection to Slack...
2017-03-09T19:44:46.467Z - info: SET_NETWORK_STATUS : "online"
2017-03-09T19:44:52.716Z - info: Couldn't tickle MS: Cannot read property 'maybeTickleMS' of undefined
2017-03-09T19:45:52.714Z - info: Couldn't tickle MS: Cannot read property 'maybeTickleMS' of undefined
2017-03-09T19:46:52.715Z - info: Couldn't tickle MS: Cannot read property 'maybeTickleMS' of undefined
2017-03-09T19:47:52.719Z - info: Couldn't tickle MS: Cannot read property 'maybeTickleMS' of undefined
2017-03-09T19:48:52.721Z - info: Couldn't tickle MS: Cannot read property 'maybeTickleMS' of undefined
2017-03-09T19:49:52.722Z - info: Couldn't tickle MS: Cannot read property 'maybeTickleMS' of undefined
2017-03-09T19:50:52.726Z - info: Couldn't tickle MS: Cannot read property 'maybeTickleMS' of undefined
2017-03-09T19:51:52.728Z - info: Couldn't tickle MS: Cannot read property 'maybeTickleMS' of undefined
2017-03-09T19:52:52.726Z - info: Couldn't tickle MS: Cannot read property 'maybeTickleMS' of undefined
2017-03-09T19:53:52.729Z - info: Couldn't tickle MS: Cannot read property 'maybeTickleMS' of undefined
2017-03-09T19:54:52.738Z - info: Couldn't tickle MS: Cannot read property 'maybeTickleMS' of undefined
2017-03-09T19:55:52.744Z - info: Couldn't tickle MS: Cannot read property 'maybeTickleMS' of undefined
2017-03-09T19:56:52.747Z - info: Couldn't tickle MS: Cannot read property 'maybeTickleMS' of undefined
2017-03-09T19:57:52.749Z - info: Couldn't tickle MS: Cannot read property 'maybeTickleMS' of undefined
2017-03-09T19:58:52.751Z - info: Couldn't tickle MS: Cannot read property 'maybeTickleMS' of undefined
2017-03-09T19:59:52.753Z - info: Couldn't tickle MS: Cannot read property 'maybeTickleMS' of undefined
2017-03-09T20:00:52.756Z - info: Couldn't tickle MS: Cannot read property 'maybeTickleMS' of undefined
2017-03-09T20:01:52.758Z - info: Couldn't tickle MS: Cannot read property 'maybeTickleMS' of undefined
2017-03-09T20:02:52.761Z - info: Couldn't tickle MS: Cannot read property 'maybeTickleMS' of undefined
2017-03-09T20:03:52.765Z - info: Couldn't tickle MS: Cannot read property 'maybeTickleMS' of undefined
2017-03-09T20:04:52.769Z - info: Couldn't tickle MS: Cannot read property 'maybeTickleMS' of undefined
2017-03-09T20:05:52.770Z - info: Couldn't tickle MS: Cannot read property 'maybeTickleMS' of undefined
2017-03-09T20:06:52.773Z - info: Couldn't tickle MS: Cannot read property 'maybeTickleMS' of undefined
2017-03-09T20:07:52.774Z - info: Couldn't tickle MS: Cannot read property 'maybeTickleMS' of undefined
2017-03-09T20:08:52.777Z - info: Couldn't tickle MS: Cannot read property 'maybeTickleMS' of undefined
2017-03-09T20:09:52.779Z - info: Couldn't tickle MS: Cannot read property 'maybeTickleMS' of undefined
2017-03-09T20:10:52.781Z - info: Couldn't tickle MS: Cannot read property 'maybeTickleMS' of undefined
2017-03-09T20:11:52.803Z - info: Couldn't tickle MS: Cannot read property 'maybeTickleMS' of undefined
2017-03-09T20:12:52.785Z - info: Couldn't tickle MS: Cannot read property 'maybeTickleMS' of undefined
2017-03-09T20:13:52.789Z - info: Couldn't tickle MS: Cannot read property 'maybeTickleMS' of undefined
2017-03-09T20:14:52.794Z - info: Couldn't tickle MS: Cannot read property 'maybeTickleMS' of undefined
2017-03-09T20:15:52.795Z - info: Couldn't tickle MS: Cannot read property 'maybeTickleMS' of undefined
2017-03-09T20:16:52.797Z - info: Couldn't tickle MS: Cannot read property 'maybeTickleMS' of undefined
2017-03-09T20:17:52.799Z - info: Couldn't tickle MS: Cannot read property 'maybeTickleMS' of undefined
2017-03-09T20:18:52.803Z - info: Couldn't tickle MS: Cannot read property 'maybeTickleMS' of undefined
2017-03-09T20:19:52.806Z - info: Couldn't tickle MS: Cannot read property 'maybeTickleMS' of undefined
2017-03-09T20:20:52.808Z - info: Couldn't tickle MS: Cannot read property 'maybeTickleMS' of undefined
2017-03-09T20:21:52.810Z - info: Couldn't tickle MS: Cannot read property 'maybeTickleMS' of undefined
2017-03-09T20:22:52.813Z - info: Couldn't tickle MS: Cannot read property 'maybeTickleMS' of undefined
2017-03-09T20:23:52.816Z - info: Couldn't tickle MS: Cannot read property 'maybeTickleMS' of undefined
2017-03-09T20:24:52.819Z - info: Couldn't tickle MS: Cannot read property 'maybeTickleMS' of undefined
2017-03-09T20:25:52.821Z - info: Couldn't tickle MS: Cannot read property 'maybeTickleMS' of undefined
2017-03-09T20:26:52.824Z - info: Couldn't tickle MS: Cannot read property 'maybeTickleMS' of undefined
2017-03-09T20:27:52.826Z - info: Couldn't tickle MS: Cannot read property 'maybeTickleMS' of undefined
2017-03-09T20:28:52.828Z - info: Couldn't tickle MS: Cannot read property 'maybeTickleMS' of undefined
2017-03-09T20:29:52.833Z - info: Couldn't tickle MS: Cannot read property 'maybeTickleMS' of undefined
2017-03-09T20:30:52.835Z - info: Couldn't tickle MS: Cannot read property 'maybeTickleMS' of undefined
2017-03-09T20:31:52.838Z - info: Couldn't tickle MS: Cannot read property 'maybeTickleMS' of undefined
2017-03-09T20:32:52.840Z - info: Couldn't tickle MS: Cannot read property 'maybeTickleMS' of undefined
2017-03-09T20:33:52.842Z - info: Couldn't tickle MS: Cannot read property 'maybeTickleMS' of undefined
2017-03-09T20:34:52.845Z - info: Couldn't tickle MS: Cannot read property 'maybeTickleMS' of undefined
2017-03-09T20:35:15.827Z - info: SET_NETWORK_STATUS : "offline"
2017-03-09T20:53:27.463Z - info: Checking network connection to Slack...
2017-03-09T20:53:29.964Z - info: Checking network connection to Slack...
2017-03-09T20:53:32.464Z - info: Checking network connection to Slack...
2017-03-09T20:53:32.960Z - info: SET_NETWORK_STATUS : "online"
2017-03-09T20:53:51.877Z - info: Couldn't tickle MS: Cannot read property 'maybeTickleMS' of undefined
2017-03-09T20:54:51.881Z - info: Couldn't tickle MS: Cannot read property 'maybeTickleMS' of undefined
2017-03-09T20:55:51.889Z - info: Couldn't tickle MS: Cannot read property 'maybeTickleMS' of undefined
2017-03-09T20:56:51.891Z - info: Couldn't tickle MS: Cannot read property 'maybeTickleMS' of undefined
2017-03-09T20:57:51.900Z - info: Couldn't tickle MS: Cannot read property 'maybeTickleMS' of undefined
2017-03-09T20:58:51.901Z - info: Couldn't tickle MS: Cannot read property 'maybeTickleMS' of undefined
2017-03-09T20:59:51.918Z - info: Couldn't tickle MS: Cannot read property 'maybeTickleMS' of undefined
2017-03-09T21:00:51.914Z - info: Couldn't tickle MS: Cannot read property 'maybeTickleMS' of undefined
2017-03-09T21:01:51.918Z - info: Couldn't tickle MS: Cannot read property 'maybeTickleMS' of undefined
2017-03-09T21:02:51.918Z - info: Couldn't tickle MS: Cannot read property 'maybeTickleMS' of undefined
2017-03-09T21:03:51.933Z - info: Couldn't tickle MS: Cannot read property 'maybeTickleMS' of undefined
2017-03-09T21:04:51.922Z - info: Couldn't tickle MS: Cannot read property 'maybeTickleMS' of undefined
2017-03-09T21:05:51.929Z - info: Couldn't tickle MS: Cannot read property 'maybeTickleMS' of undefined
2017-03-09T21:06:51.937Z - info: Couldn't tickle MS: Cannot read property 'maybeTickleMS' of undefined
2017-03-09T21:07:51.947Z - info: Couldn't tickle MS: Cannot read property 'maybeTickleMS' of undefined
2017-03-09T21:08:51.963Z - info: Couldn't tickle MS: Cannot read property 'maybeTickleMS' of undefined
2017-03-09T21:09:51.963Z - info: Couldn't tickle MS: Cannot read property 'maybeTickleMS' of undefined
2017-03-09T21:10:51.961Z - info: Couldn't tickle MS: Cannot read property 'maybeTickleMS' of undefined
2017-03-09T21:11:51.964Z - info: Couldn't tickle MS: Cannot read property 'maybeTickleMS' of undefined
2017-03-09T21:12:51.974Z - info: Couldn't tickle MS: Cannot read property 'maybeTickleMS' of undefined
2017-03-09T21:13:51.981Z - info: Couldn't tickle MS: Cannot read property 'maybeTickleMS' of undefined
2017-03-09T21:14:51.990Z - info: Couldn't tickle MS: Cannot read property 'maybeTickleMS' of undefined
2017-03-09T21:15:51.991Z - info: Couldn't tickle MS: Cannot read property 'maybeTickleMS' of undefined
2017-03-09T21:16:51.999Z - info: Couldn't tickle MS: Cannot read property 'maybeTickleMS' of undefined
2017-03-09T21:17:26.606Z - info: SET_NETWORK_STATUS : "offline"
2017-03-10T03:38:40.593Z - info: Checking network connection to Slack...
2017-03-10T03:38:43.094Z - info: Checking network connection to Slack...
2017-03-10T03:38:43.596Z - info: SET_NETWORK_STATUS : "online"
2017-03-10T03:38:53.182Z - info: Couldn't tickle MS: Cannot read property 'maybeTickleMS' of undefined
2017-03-10T03:39:53.191Z - info: Couldn't tickle MS: Cannot read property 'maybeTickleMS' of undefined
2017-03-10T03:40:53.199Z - info: Couldn't tickle MS: Cannot read property 'maybeTickleMS' of undefined
2017-03-10T03:41:53.216Z - info: Couldn't tickle MS: Cannot read property 'maybeTickleMS' of undefined
2017-03-10T03:42:53.210Z - info: Couldn't tickle MS: Cannot read property 'maybeTickleMS' of undefined
2017-03-10T03:43:53.210Z - info: Couldn't tickle MS: Cannot read property 'maybeTickleMS' of undefined
2017-03-10T03:44:53.209Z - info: Couldn't tickle MS: Cannot read property 'maybeTickleMS' of undefined
2017-03-10T03:45:53.226Z - info: Couldn't tickle MS: Cannot read property 'maybeTickleMS' of undefined
2017-03-10T03:46:53.234Z - info: Couldn't tickle MS: Cannot read property 'maybeTickleMS' of undefined
2017-03-10T03:47:53.237Z - info: Couldn't tickle MS: Cannot read property 'maybeTickleMS' of undefined
2017-03-10T03:48:53.244Z - info: Couldn't tickle MS: Cannot read property 'maybeTickleMS' of undefined
2017-03-10T03:49:33.135Z - info: SET_NETWORK_STATUS : "offline"
2017-03-10T05:46:12.959Z - info: Checking network connection to Slack...
2017-03-10T05:46:15.460Z - info: Checking network connection to Slack...
2017-03-10T05:46:17.960Z - info: Checking network connection to Slack...
2017-03-10T05:46:18.445Z - info: SET_NETWORK_STATUS : "online"
2017-03-10T05:46:20.015Z - info: Couldn't tickle MS: Cannot read property 'maybeTickleMS' of undefined
2017-03-10T05:47:19.961Z - info: Couldn't tickle MS: Cannot read property 'maybeTickleMS' of undefined
2017-03-10T05:48:19.957Z - info: Couldn't tickle MS: Cannot read property 'maybeTickleMS' of undefined
2017-03-10T05:49:19.966Z - info: Couldn't tickle MS: Cannot read property 'maybeTickleMS' of undefined
2017-03-10T05:50:19.975Z - info: Couldn't tickle MS: Cannot read property 'maybeTickleMS' of undefined
2017-03-10T05:51:20.381Z - info: Couldn't tickle MS: Cannot read property 'maybeTickleMS' of undefined
2017-03-10T05:52:21.381Z - info: Couldn't tickle MS: Cannot read property 'maybeTickleMS' of undefined
2017-03-10T05:53:22.377Z - info: Couldn't tickle MS: Cannot read property 'maybeTickleMS' of undefined
2017-03-10T05:54:23.379Z - info: Couldn't tickle MS: Cannot read property 'maybeTickleMS' of undefined
2017-03-10T05:55:24.377Z - info: Couldn't tickle MS: Cannot read property 'maybeTickleMS' of undefined
2017-03-10T05:56:25.376Z - info: Couldn't tickle MS: Cannot read property 'maybeTickleMS' of undefined
2017-03-10T05:57:26.377Z - info: Couldn't tickle MS: Cannot read property 'maybeTickleMS' of undefined
2017-03-10T05:58:27.376Z - info: Couldn't tickle MS: Cannot read property 'maybeTickleMS' of undefined
2017-03-10T05:59:28.376Z - info: Couldn't tickle MS: Cannot read property 'maybeTickleMS' of undefined
2017-03-10T06:00:29.376Z - info: Couldn't tickle MS: Cannot read property 'maybeTickleMS' of undefined
2017-03-10T06:01:30.376Z - info: Couldn't tickle MS: Cannot read property 'maybeTickleMS' of undefined
2017-03-10T06:02:31.376Z - info: Couldn't tickle MS: Cannot read property 'maybeTickleMS' of undefined
2017-03-10T06:03:32.377Z - info: Couldn't tickle MS: Cannot read property 'maybeTickleMS' of undefined
2017-03-10T06:04:33.376Z - info: Couldn't tickle MS: Cannot read property 'maybeTickleMS' of undefined
2017-03-10T06:05:34.378Z - info: Couldn't tickle MS: Cannot read property 'maybeTickleMS' of undefined
2017-03-10T06:06:35.376Z - info: Couldn't tickle MS: Cannot read property 'maybeTickleMS' of undefined
2017-03-10T06:07:36.377Z - info: Couldn't tickle MS: Cannot read property 'maybeTickleMS' of undefined
2017-03-10T06:08:37.375Z - info: Couldn't tickle MS: Cannot read property 'maybeTickleMS' of undefined
2017-03-10T06:09:38.376Z - info: Couldn't tickle MS: Cannot read property 'maybeTickleMS' of undefined
2017-03-10T06:10:39.376Z - info: Couldn't tickle MS: Cannot read property 'maybeTickleMS' of undefined
2017-03-10T06:11:40.375Z - info: Couldn't tickle MS: Cannot read property 'maybeTickleMS' of undefined
2017-03-10T06:12:41.376Z - info: Couldn't tickle MS: Cannot read property 'maybeTickleMS' of undefined
2017-03-10T06:13:42.376Z - info: Couldn't tickle MS: Cannot read property 'maybeTickleMS' of undefined
2017-03-10T06:14:43.375Z - info: Couldn't tickle MS: Cannot read property 'maybeTickleMS' of undefined
2017-03-10T06:15:44.380Z - info: Couldn't tickle MS: Cannot read property 'maybeTickleMS' of undefined
2017-03-10T06:16:45.376Z - info: Couldn't tickle MS: Cannot read property 'maybeTickleMS' of undefined
2017-03-10T06:17:46.377Z - info: Couldn't tickle MS: Cannot read property 'maybeTickleMS' of undefined
2017-03-10T06:18:47.376Z - info: Couldn't tickle MS: Cannot read property 'maybeTickleMS' of undefined
2017-03-10T06:19:48.376Z - info: Couldn't tickle MS: Cannot read property 'maybeTickleMS' of undefined
2017-03-10T06:20:49.375Z - info: Couldn't tickle MS: Cannot read property 'maybeTickleMS' of undefined
2017-03-10T06:21:50.377Z - info: Couldn't tickle MS: Cannot read property 'maybeTickleMS' of undefined
2017-03-10T06:22:51.376Z - info: Couldn't tickle MS: Cannot read property 'maybeTickleMS' of undefined
2017-03-10T06:23:52.376Z - info: Couldn't tickle MS: Cannot read property 'maybeTickleMS' of undefined
2017-03-10T06:24:53.375Z - info: Couldn't tickle MS: Cannot read property 'maybeTickleMS' of undefined
2017-03-10T06:25:54.376Z - info: Couldn't tickle MS: Cannot read property 'maybeTickleMS' of undefined
2017-03-10T06:26:55.377Z - info: Couldn't tickle MS: Cannot read property 'maybeTickleMS' of undefined
2017-03-10T06:27:56.375Z - info: Couldn't tickle MS: Cannot read property 'maybeTickleMS' of undefined
2017-03-10T06:28:57.376Z - info: Couldn't tickle MS: Cannot read property 'maybeTickleMS' of undefined
2017-03-10T06:29:58.375Z - info: Couldn't tickle MS: Cannot read property 'maybeTickleMS' of undefined
2017-03-10T06:30:59.376Z - info: Couldn't tickle MS: Cannot read property 'maybeTickleMS' of undefined
2017-03-10T06:32:00.378Z - info: Couldn't tickle MS: Cannot read property 'maybeTickleMS' of undefined
2017-03-10T06:33:01.376Z - info: Couldn't tickle MS: Cannot read property 'maybeTickleMS' of undefined
2017-03-10T06:34:02.376Z - info: Couldn't tickle MS: Cannot read property 'maybeTickleMS' of undefined
2017-03-10T06:35:03.377Z - info: Couldn't tickle MS: Cannot read property 'maybeTickleMS' of undefined
2017-03-10T06:36:04.377Z - info: Couldn't tickle MS: Cannot read property 'maybeTickleMS' of undefined
2017-03-10T06:37:05.377Z - info: Couldn't tickle MS: Cannot read property 'maybeTickleMS' of undefined
2017-03-10T06:38:06.376Z - info: Couldn't tickle MS: Cannot read property 'maybeTickleMS' of undefined
2017-03-10T06:39:07.380Z - info: Couldn't tickle MS: Cannot read property 'maybeTickleMS' of undefined
2017-03-10T06:40:08.382Z - info: Couldn't tickle MS: Cannot read property 'maybeTickleMS' of undefined
2017-03-10T06:41:09.381Z - info: Couldn't tickle MS: Cannot read property 'maybeTickleMS' of undefined
2017-03-10T06:42:10.382Z - info: Couldn't tickle MS: Cannot read property 'maybeTickleMS' of undefined
2017-03-10T06:43:11.382Z - info: Couldn't tickle MS: Cannot read property 'maybeTickleMS' of undefined
2017-03-10T06:44:12.378Z - info: Couldn't tickle MS: Cannot read property 'maybeTickleMS' of undefined
2017-03-10T06:45:13.378Z - info: Couldn't tickle MS: Cannot read property 'maybeTickleMS' of undefined
2017-03-10T06:46:14.378Z - info: Couldn't tickle MS: Cannot read property 'maybeTickleMS' of undefined
2017-03-10T06:47:15.380Z - info: Couldn't tickle MS: Cannot read property 'maybeTickleMS' of undefined
2017-03-10T06:48:16.378Z - info: Couldn't tickle MS: Cannot read property 'maybeTickleMS' of undefined
2017-03-10T06:49:17.382Z - info: Couldn't tickle MS: Cannot read property 'maybeTickleMS' of undefined
2017-03-10T06:50:18.381Z - info: Couldn't tickle MS: Cannot read property 'maybeTickleMS' of undefined
2017-03-10T06:51:19.381Z - info: Couldn't tickle MS: Cannot read property 'maybeTickleMS' of undefined
2017-03-10T06:52:20.383Z - info: Couldn't tickle MS: Cannot read property 'maybeTickleMS' of undefined
2017-03-10T06:53:21.380Z - info: Couldn't tickle MS: Cannot read property 'maybeTickleMS' of undefined
2017-03-10T06:54:22.376Z - info: Couldn't tickle MS: Cannot read property 'maybeTickleMS' of undefined
2017-03-10T06:55:23.383Z - info: Couldn't tickle MS: Cannot read property 'maybeTickleMS' of undefined
2017-03-10T06:56:24.376Z - info: Couldn't tickle MS: Cannot read property 'maybeTickleMS' of undefined
2017-03-10T06:57:25.376Z - info: Couldn't tickle MS: Cannot read property 'maybeTickleMS' of undefined
2017-03-10T06:58:26.377Z - info: Couldn't tickle MS: Cannot read property 'maybeTickleMS' of undefined
2017-03-10T06:59:27.376Z - info: Couldn't tickle MS: Cannot read property 'maybeTickleMS' of undefined
2017-03-10T07:00:28.377Z - info: Couldn't tickle MS: Cannot read property 'maybeTickleMS' of undefined
2017-03-10T07:01:29.376Z - info: Couldn't tickle MS: Cannot read property 'maybeTickleMS' of undefined
2017-03-10T07:02:30.380Z - info: Couldn't tickle MS: Cannot read property 'maybeTickleMS' of undefined
2017-03-10T07:03:31.376Z - info: Couldn't tickle MS: Cannot read property 'maybeTickleMS' of undefined
2017-03-10T07:04:32.377Z - info: Couldn't tickle MS: Cannot read property 'maybeTickleMS' of undefined
2017-03-10T07:05:33.377Z - info: Couldn't tickle MS: Cannot read property 'maybeTickleMS' of undefined
2017-03-10T07:06:34.376Z - info: Couldn't tickle MS: Cannot read property 'maybeTickleMS' of undefined
2017-03-10T07:07:35.376Z - info: Couldn't tickle MS: Cannot read property 'maybeTickleMS' of undefined
2017-03-10T07:08:36.376Z - info: Couldn't tickle MS: Cannot read property 'maybeTickleMS' of undefined
2017-03-10T07:09:37.376Z - info: Couldn't tickle MS: Cannot read property 'maybeTickleMS' of undefined
2017-03-10T07:10:38.376Z - info: Couldn't tickle MS: Cannot read property 'maybeTickleMS' of undefined
2017-03-10T07:11:39.376Z - info: Couldn't tickle MS: Cannot read property 'maybeTickleMS' of undefined
2017-03-10T07:12:40.376Z - info: Couldn't tickle MS: Cannot read property 'maybeTickleMS' of undefined
2017-03-10T07:13:41.376Z - info: Couldn't tickle MS: Cannot read property 'maybeTickleMS' of undefined
2017-03-10T07:14:42.377Z - info: Couldn't tickle MS: Cannot read property 'maybeTickleMS' of undefined
2017-03-10T07:15:43.377Z - info: Couldn't tickle MS: Cannot read property 'maybeTickleMS' of undefined
2017-03-10T07:16:44.379Z - info: Couldn't tickle MS: Cannot read property 'maybeTickleMS' of undefined
2017-03-10T07:17:45.378Z - info: Couldn't tickle MS: Cannot read property 'maybeTickleMS' of undefined
2017-03-10T07:18:46.377Z - info: Couldn't tickle MS: Cannot read property 'maybeTickleMS' of undefined
2017-03-10T07:19:47.376Z - info: Couldn't tickle MS: Cannot read property 'maybeTickleMS' of undefined
2017-03-10T07:20:48.376Z - info: Couldn't tickle MS: Cannot read property 'maybeTickleMS' of undefined
2017-03-10T07:21:49.378Z - info: Couldn't tickle MS: Cannot read property 'maybeTickleMS' of undefined
2017-03-10T07:22:50.378Z - info: Couldn't tickle MS: Cannot read property 'maybeTickleMS' of undefined
2017-03-10T07:23:51.377Z - info: Couldn't tickle MS: Cannot read property 'maybeTickleMS' of undefined
2017-03-10T07:24:52.376Z - info: Couldn't tickle MS: Cannot read property 'maybeTickleMS' of undefined
2017-03-10T07:25:53.375Z - info: Couldn't tickle MS: Cannot read property 'maybeTickleMS' of undefined
2017-03-10T07:26:54.376Z - info: Couldn't tickle MS: Cannot read property 'maybeTickleMS' of undefined
2017-03-10T07:27:55.378Z - info: Couldn't tickle MS: Cannot read property 'maybeTickleMS' of undefined
2017-03-10T07:28:56.377Z - info: Couldn't tickle MS: Cannot read property 'maybeTickleMS' of undefined
2017-03-10T07:29:57.376Z - info: Couldn't tickle MS: Cannot read property 'maybeTickleMS' of undefined
2017-03-10T07:30:58.385Z - info: Couldn't tickle MS: Cannot read property 'maybeTickleMS' of undefined
2017-03-10T07:31:59.377Z - info: Couldn't tickle MS: Cannot read property 'maybeTickleMS' of undefined
2017-03-10T07:33:00.376Z - info: Couldn't tickle MS: Cannot read property 'maybeTickleMS' of undefined
2017-03-10T07:34:01.377Z - info: Couldn't tickle MS: Cannot read property 'maybeTickleMS' of undefined
2017-03-10T07:35:02.379Z - info: Couldn't tickle MS: Cannot read property 'maybeTickleMS' of undefined
2017-03-10T07:36:03.378Z - info: Couldn't tickle MS: Cannot read property 'maybeTickleMS' of undefined
2017-03-10T07:37:04.376Z - info: Couldn't tickle MS: Cannot read property 'maybeTickleMS' of undefined
2017-03-10T07:38:05.378Z - info: Couldn't tickle MS: Cannot read property 'maybeTickleMS' of undefined
2017-03-10T07:39:06.377Z - info: Couldn't tickle MS: Cannot read property 'maybeTickleMS' of undefined
2017-03-10T07:40:07.380Z - info: Couldn't tickle MS: Cannot read property 'maybeTickleMS' of undefined
2017-03-10T07:41:08.381Z - info: Couldn't tickle MS: Cannot read property 'maybeTickleMS' of undefined
2017-03-10T07:42:09.380Z - info: Couldn't tickle MS: Cannot read property 'maybeTickleMS' of undefined
2017-03-10T07:43:10.380Z - info: Couldn't tickle MS: Cannot read property 'maybeTickleMS' of undefined
2017-03-10T07:44:11.382Z - info: Couldn't tickle MS: Cannot read property 'maybeTickleMS' of undefined
2017-03-10T07:45:12.377Z - info: Couldn't tickle MS: Cannot read property 'maybeTickleMS' of undefined
2017-03-10T07:45:19.367Z - info: SET_NETWORK_STATUS : "offline"
2017-03-10T15:43:38.558Z - info: Checking network connection to Slack...
2017-03-10T15:43:38.558Z - info: SET_NETWORK_STATUS : "online"
2017-03-10T15:43:39.558Z - info: SET_NETWORK_STATUS : "offline"
2017-03-10T15:43:41.558Z - info: Checking network connection to Slack...
2017-03-10T15:43:42.558Z - info: SET_NETWORK_STATUS : "online"
2017-03-10T15:44:18.569Z - info: Couldn't tickle MS: Cannot read property 'maybeTickleMS' of undefined
2017-03-10T15:45:19.569Z - info: Couldn't tickle MS: Cannot read property 'maybeTickleMS' of undefined
2017-03-10T15:46:20.569Z - info: Couldn't tickle MS: Cannot read property 'maybeTickleMS' of undefined
2017-03-10T15:47:21.568Z - info: Couldn't tickle MS: Cannot read property 'maybeTickleMS' of undefined
2017-03-10T15:48:22.573Z - info: Couldn't tickle MS: Cannot read property 'maybeTickleMS' of undefined
2017-03-10T15:49:23.572Z - info: Couldn't tickle MS: Cannot read property 'maybeTickleMS' of undefined
2017-03-10T15:50:24.571Z - info: Couldn't tickle MS: Cannot read property 'maybeTickleMS' of undefined
2017-03-10T15:51:25.571Z - info: Couldn't tickle MS: Cannot read property 'maybeTickleMS' of undefined
2017-03-10T15:52:26.572Z - info: Couldn't tickle MS: Cannot read property 'maybeTickleMS' of undefined
2017-03-10T15:53:27.568Z - info: Couldn't tickle MS: Cannot read property 'maybeTickleMS' of undefined
2017-03-10T15:54:28.567Z - info: Couldn't tickle MS: Cannot read property 'maybeTickleMS' of undefined
2017-03-10T15:55:29.567Z - info: Couldn't tickle MS: Cannot read property 'maybeTickleMS' of undefined
2017-03-10T15:56:30.568Z - info: Couldn't tickle MS: Cannot read property 'maybeTickleMS' of undefined
2017-03-10T15:57:31.568Z - info: Couldn't tickle MS: Cannot read property 'maybeTickleMS' of undefined
2017-03-10T15:58:32.567Z - info: Couldn't tickle MS: Cannot read property 'maybeTickleMS' of undefined
2017-03-10T15:59:33.568Z - info: Couldn't tickle MS: Cannot read property 'maybeTickleMS' of undefined
2017-03-10T16:00:34.567Z - info: Couldn't tickle MS: Cannot read property 'maybeTickleMS' of undefined
2017-03-10T16:01:35.576Z - info: Couldn't tickle MS: Cannot read property 'maybeTickleMS' of undefined
2017-03-10T16:02:36.568Z - info: Couldn't tickle MS: Cannot read property 'maybeTickleMS' of undefined
2017-03-10T16:03:37.568Z - info: Couldn't tickle MS: Cannot read property 'maybeTickleMS' of undefined
2017-03-10T16:04:38.567Z - info: Couldn't tickle MS: Cannot read property 'maybeTickleMS' of undefined
2017-03-10T16:05:39.568Z - info: Couldn't tickle MS: Cannot read property 'maybeTickleMS' of undefined
2017-03-10T16:06:40.567Z - info: Couldn't tickle MS: Cannot read property 'maybeTickleMS' of undefined
2017-03-10T16:07:41.568Z - info: Couldn't tickle MS: Cannot read property 'maybeTickleMS' of undefined
2017-03-10T16:08:42.567Z - info: Couldn't tickle MS: Cannot read property 'maybeTickleMS' of undefined
2017-03-10T16:09:43.567Z - info: Couldn't tickle MS: Cannot read property 'maybeTickleMS' of undefined
2017-03-10T16:10:44.568Z - info: Couldn't tickle MS: Cannot read property 'maybeTickleMS' of undefined
2017-03-10T16:11:45.568Z - info: Couldn't tickle MS: Cannot read property 'maybeTickleMS' of undefined
2017-03-10T16:12:46.566Z - info: Couldn't tickle MS: Cannot read property 'maybeTickleMS' of undefined
2017-03-10T16:13:47.567Z - info: Couldn't tickle MS: Cannot read property 'maybeTickleMS' of undefined
2017-03-10T16:14:48.567Z - info: Couldn't tickle MS: Cannot read property 'maybeTickleMS' of undefined
2017-03-10T16:15:49.568Z - info: Couldn't tickle MS: Cannot read property 'maybeTickleMS' of undefined
2017-03-10T16:36:34.484Z - info: SET_NETWORK_STATUS : "offline"
2017-03-10T16:36:42.544Z - info: Checking network connection to Slack...
2017-03-10T16:36:45.544Z - info: Checking network connection to Slack...
2017-03-10T16:36:46.545Z - info: SET_NETWORK_STATUS : "online"
2017-03-10T16:37:01.556Z - info: Couldn't tickle MS: Cannot read property 'maybeTickleMS' of undefined
2017-03-10T16:38:02.556Z - info: Couldn't tickle MS: Cannot read property 'maybeTickleMS' of undefined
2017-03-10T16:39:03.555Z - info: Couldn't tickle MS: Cannot read property 'maybeTickleMS' of undefined
2017-03-10T16:39:57.476Z - info: SET_NETWORK_STATUS : "offline"
2017-03-10T16:40:07.637Z - info: Checking network connection to Slack...
2017-03-10T16:40:10.637Z - info: Checking network connection to Slack...
2017-03-10T16:40:11.638Z - info: SET_NETWORK_STATUS : "online"
2017-03-10T16:40:49.646Z - info: Couldn't tickle MS: Cannot read property 'maybeTickleMS' of undefined
2017-03-10T16:41:50.648Z - info: Couldn't tickle MS: Cannot read property 'maybeTickleMS' of undefined
2017-03-10T16:42:51.648Z - info: Couldn't tickle MS: Cannot read property 'maybeTickleMS' of undefined
2017-03-10T16:43:52.648Z - info: Couldn't tickle MS: Cannot read property 'maybeTickleMS' of undefined
2017-03-10T16:44:53.648Z - info: Couldn't tickle MS: Cannot read property 'maybeTickleMS' of undefined
2017-03-10T16:45:54.647Z - info: Couldn't tickle MS: Cannot read property 'maybeTickleMS' of undefined
2017-03-10T16:46:55.652Z - info: Couldn't tickle MS: Cannot read property 'maybeTickleMS' of undefined
2017-03-10T16:47:56.647Z - info: Couldn't tickle MS: Cannot read property 'maybeTickleMS' of undefined
2017-03-10T16:48:57.648Z - info: Couldn't tickle MS: Cannot read property 'maybeTickleMS' of undefined
2017-03-10T16:49:58.647Z - info: Couldn't tickle MS: Cannot read property 'maybeTickleMS' of undefined
2017-03-10T16:50:02.637Z - info: SET_NETWORK_STATUS : "offline"
2017-03-10T16:51:06.111Z - info: Checking network connection to Slack...
2017-03-10T16:51:06.112Z - info: SET_NETWORK_STATUS : "online"
2017-03-10T16:51:47.122Z - info: Couldn't tickle MS: Cannot read property 'maybeTickleMS' of undefined
2017-03-10T16:52:48.123Z - info: Couldn't tickle MS: Cannot read property 'maybeTickleMS' of undefined
2017-03-10T16:53:49.121Z - info: Couldn't tickle MS: Cannot read property 'maybeTickleMS' of undefined
2017-03-10T16:54:50.121Z - info: Couldn't tickle MS: Cannot read property 'maybeTickleMS' of undefined
2017-03-10T16:55:51.122Z - info: Couldn't tickle MS: Cannot read property 'maybeTickleMS' of undefined
2017-03-10T16:56:52.121Z - info: Couldn't tickle MS: Cannot read property 'maybeTickleMS' of undefined
2017-03-10T16:57:53.121Z - info: Couldn't tickle MS: Cannot read property 'maybeTickleMS' of undefined
2017-03-10T16:58:54.122Z - info: Couldn't tickle MS: Cannot read property 'maybeTickleMS' of undefined
2017-03-10T16:59:55.123Z - info: Couldn't tickle MS: Cannot read property 'maybeTickleMS' of undefined
2017-03-10T17:00:56.121Z - info: Couldn't tickle MS: Cannot read property 'maybeTickleMS' of undefined
2017-03-10T17:01:57.131Z - info: Couldn't tickle MS: Cannot read property 'maybeTickleMS' of undefined
2017-03-10T17:02:57.111Z - info: SET_NETWORK_STATUS : "offline"
2017-03-10T17:17:18.505Z - info: Couldn't tickle MS: Cannot read property 'maybeTickleMS' of undefined
2017-03-10T17:17:26.361Z - info: Checking network connection to Slack...
2017-03-10T17:17:26.362Z - info: SET_NETWORK_STATUS : "online"
2017-03-10T17:17:27.361Z - info: SET_NETWORK_STATUS : "offline"
2017-03-10T17:17:29.361Z - info: Checking network connection to Slack...
2017-03-10T17:17:32.361Z - info: Checking network connection to Slack...
2017-03-10T17:17:34.361Z - info: Checking network connection to Slack...
2017-03-10T17:17:37.361Z - info: Checking network connection to Slack...
2017-03-10T17:17:39.361Z - info: Checking network connection to Slack...
2017-03-10T17:17:40.361Z - info: SET_NETWORK_STATUS : "online"
2017-03-10T19:15:22.452Z - info: SET_NETWORK_STATUS : "offline"
2017-03-10T19:15:30.581Z - info: Checking network connection to Slack...
2017-03-10T19:15:30.582Z - info: SET_NETWORK_STATUS : "online"
2017-03-10T19:15:31.582Z - info: SET_NETWORK_STATUS : "offline"
2017-03-10T19:15:33.581Z - info: Checking network connection to Slack...
2017-03-10T19:15:36.582Z - info: Checking network connection to Slack...
2017-03-10T19:15:37.581Z - info: SET_NETWORK_STATUS : "online"
2017-03-10T19:15:49.600Z - info: Couldn't tickle MS: Cannot read property 'maybeTickleMS' of undefined
2017-03-10T19:16:50.592Z - info: Couldn't tickle MS: Cannot read property 'maybeTickleMS' of undefined
2017-03-10T19:17:50.595Z - info: Couldn't tickle MS: Cannot read property 'maybeTickleMS' of undefined
2017-03-10T19:17:52.994Z - info: SELECT_TEAM : "T29BP9W7L"
2017-03-10T19:18:50.597Z - info: Couldn't tickle MS: Cannot read property 'maybeTickleMS' of undefined
2017-03-10T19:19:50.604Z - info: Couldn't tickle MS: Cannot read property 'maybeTickleMS' of undefined
2017-03-10T19:20:50.610Z - info: Couldn't tickle MS: Cannot read property 'maybeTickleMS' of undefined
2017-03-10T19:21:50.628Z - info: Couldn't tickle MS: Cannot read property 'maybeTickleMS' of undefined
2017-03-10T19:22:50.626Z - info: Couldn't tickle MS: Cannot read property 'maybeTickleMS' of undefined
2017-03-10T19:23:50.624Z - info: Couldn't tickle MS: Cannot read property 'maybeTickleMS' of undefined
2017-03-10T19:24:50.630Z - info: Couldn't tickle MS: Cannot read property 'maybeTickleMS' of undefined
2017-03-10T19:25:50.639Z - info: Couldn't tickle MS: Cannot read property 'maybeTickleMS' of undefined
2017-03-10T19:26:50.642Z - info: Couldn't tickle MS: Cannot read property 'maybeTickleMS' of undefined
2017-03-10T19:27:50.644Z - info: Couldn't tickle MS: Cannot read property 'maybeTickleMS' of undefined
2017-03-10T19:28:50.650Z - info: Couldn't tickle MS: Cannot read property 'maybeTickleMS' of undefined
2017-03-10T19:29:50.653Z - info: Couldn't tickle MS: Cannot read property 'maybeTickleMS' of undefined
2017-03-10T19:30:50.673Z - info: Couldn't tickle MS: Cannot read property 'maybeTickleMS' of undefined
2017-03-10T19:31:50.675Z - info: Couldn't tickle MS: Cannot read property 'maybeTickleMS' of undefined
2017-03-10T19:32:50.679Z - info: Couldn't tickle MS: Cannot read property 'maybeTickleMS' of undefined
2017-03-10T19:33:50.692Z - info: Couldn't tickle MS: Cannot read property 'maybeTickleMS' of undefined
2017-03-10T19:34:50.692Z - info: Couldn't tickle MS: Cannot read property 'maybeTickleMS' of undefined
2017-03-10T19:35:50.700Z - info: Couldn't tickle MS: Cannot read property 'maybeTickleMS' of undefined
2017-03-10T19:36:50.703Z - info: Couldn't tickle MS: Cannot read property 'maybeTickleMS' of undefined
2017-03-10T19:37:50.707Z - info: Couldn't tickle MS: Cannot read property 'maybeTickleMS' of undefined
2017-03-10T19:38:50.715Z - info: Couldn't tickle MS: Cannot read property 'maybeTickleMS' of undefined
2017-03-10T19:39:50.724Z - info: Couldn't tickle MS: Cannot read property 'maybeTickleMS' of undefined
2017-03-10T19:40:50.729Z - info: Couldn't tickle MS: Cannot read property 'maybeTickleMS' of undefined
2017-03-10T19:41:50.732Z - info: Couldn't tickle MS: Cannot read property 'maybeTickleMS' of undefined
2017-03-10T19:42:50.757Z - info: Couldn't tickle MS: Cannot read property 'maybeTickleMS' of undefined
2017-03-10T19:43:50.757Z - info: Couldn't tickle MS: Cannot read property 'maybeTickleMS' of undefined
2017-03-10T19:44:50.767Z - info: Couldn't tickle MS: Cannot read property 'maybeTickleMS' of undefined
2017-03-10T19:45:50.776Z - info: Couldn't tickle MS: Cannot read property 'maybeTickleMS' of undefined
2017-03-10T19:46:50.777Z - info: Couldn't tickle MS: Cannot read property 'maybeTickleMS' of undefined
2017-03-10T19:47:50.791Z - info: Couldn't tickle MS: Cannot read property 'maybeTickleMS' of undefined
2017-03-10T19:48:50.790Z - info: Couldn't tickle MS: Cannot read property 'maybeTickleMS' of undefined
2017-03-10T19:49:50.801Z - info: Couldn't tickle MS: Cannot read property 'maybeTickleMS' of undefined
2017-03-10T19:50:50.801Z - info: Couldn't tickle MS: Cannot read property 'maybeTickleMS' of undefined
2017-03-10T19:51:50.815Z - info: Couldn't tickle MS: Cannot read property 'maybeTickleMS' of undefined
2017-03-10T19:52:50.816Z - info: Couldn't tickle MS: Cannot read property 'maybeTickleMS' of undefined
2017-03-10T19:53:50.821Z - info: Couldn't tickle MS: Cannot read property 'maybeTickleMS' of undefined
2017-03-10T19:54:50.826Z - info: Couldn't tickle MS: Cannot read property 'maybeTickleMS' of undefined
2017-03-10T19:55:50.839Z - info: Couldn't tickle MS: Cannot read property 'maybeTickleMS' of undefined
2017-03-10T19:56:50.846Z - info: Couldn't tickle MS: Cannot read property 'maybeTickleMS' of undefined
2017-03-10T19:57:50.855Z - info: Couldn't tickle MS: Cannot read property 'maybeTickleMS' of undefined
2017-03-10T19:58:50.872Z - info: Couldn't tickle MS: Cannot read property 'maybeTickleMS' of undefined
2017-03-10T19:59:50.864Z - info: Couldn't tickle MS: Cannot read property 'maybeTickleMS' of undefined
2017-03-10T20:00:50.864Z - info: Couldn't tickle MS: Cannot read property 'maybeTickleMS' of undefined
2017-03-10T20:01:50.874Z - info: Couldn't tickle MS: Cannot read property 'maybeTickleMS' of undefined
2017-03-10T20:02:50.878Z - info: Couldn't tickle MS: Cannot read property 'maybeTickleMS' of undefined
2017-03-10T20:03:50.879Z - info: Couldn't tickle MS: Cannot read property 'maybeTickleMS' of undefined
2017-03-10T20:04:50.901Z - info: Couldn't tickle MS: Cannot read property 'maybeTickleMS' of undefined
2017-03-10T20:05:50.902Z - info: Couldn't tickle MS: Cannot read property 'maybeTickleMS' of undefined
2017-03-10T20:06:50.903Z - info: Couldn't tickle MS: Cannot read property 'maybeTickleMS' of undefined
2017-03-10T20:07:50.909Z - info: Couldn't tickle MS: Cannot read property 'maybeTickleMS' of undefined
2017-03-10T20:08:50.920Z - info: Couldn't tickle MS: Cannot read property 'maybeTickleMS' of undefined
2017-03-10T20:09:50.921Z - info: Couldn't tickle MS: Cannot read property 'maybeTickleMS' of undefined
2017-03-10T20:10:50.928Z - info: Couldn't tickle MS: Cannot read property 'maybeTickleMS' of undefined
2017-03-10T20:11:50.933Z - info: Couldn't tickle MS: Cannot read property 'maybeTickleMS' of undefined
2017-03-10T20:12:50.937Z - info: Couldn't tickle MS: Cannot read property 'maybeTickleMS' of undefined
2017-03-10T20:13:50.937Z - info: Couldn't tickle MS: Cannot read property 'maybeTickleMS' of undefined
2017-03-10T20:14:50.939Z - info: Couldn't tickle MS: Cannot read property 'maybeTickleMS' of undefined
2017-03-10T20:15:50.944Z - info: Couldn't tickle MS: Cannot read property 'maybeTickleMS' of undefined
2017-03-10T20:16:50.946Z - info: Couldn't tickle MS: Cannot read property 'maybeTickleMS' of undefined
2017-03-10T20:17:50.955Z - info: Couldn't tickle MS: Cannot read property 'maybeTickleMS' of undefined
2017-03-10T20:18:50.976Z - info: Couldn't tickle MS: Cannot read property 'maybeTickleMS' of undefined
2017-03-10T20:19:50.971Z - info: Couldn't tickle MS: Cannot read property 'maybeTickleMS' of undefined
2017-03-10T20:20:50.975Z - info: Couldn't tickle MS: Cannot read property 'maybeTickleMS' of undefined
2017-03-10T20:21:50.983Z - info: Couldn't tickle MS: Cannot read property 'maybeTickleMS' of undefined
2017-03-10T20:22:50.990Z - info: Couldn't tickle MS: Cannot read property 'maybeTickleMS' of undefined
2017-03-10T20:23:50.993Z - info: Couldn't tickle MS: Cannot read property 'maybeTickleMS' of undefined
2017-03-10T20:24:51.003Z - info: Couldn't tickle MS: Cannot read property 'maybeTickleMS' of undefined
2017-03-10T20:25:51.005Z - info: Couldn't tickle MS: Cannot read property 'maybeTickleMS' of undefined
2017-03-10T20:26:36.839Z - info: SET_NETWORK_STATUS : "offline"
2017-03-10T21:28:27.009Z - info: Couldn't tickle MS: Cannot read property 'maybeTickleMS' of undefined
2017-03-10T21:28:38.813Z - info: Checking network connection to Slack...
2017-03-10T21:28:41.315Z - info: Checking network connection to Slack...
2017-03-10T21:28:43.815Z - info: Checking network connection to Slack...
2017-03-10T21:28:44.323Z - info: SET_NETWORK_STATUS : "online"
2017-03-10T21:29:26.905Z - info: SET_NETWORK_STATUS : "offline"
2017-03-10T21:29:27.012Z - info: Couldn't tickle MS: Cannot read property 'maybeTickleMS' of undefined
2017-03-11T21:34:27.758Z - info: Checking network connection to Slack...
2017-03-11T21:34:30.260Z - info: Checking network connection to Slack...
2017-03-11T21:34:32.760Z - info: Checking network connection to Slack...
2017-03-11T21:34:33.262Z - info: SET_NETWORK_STATUS : "online"
2017-03-11T21:34:50.027Z - info: Couldn't tickle MS: Cannot read property 'maybeTickleMS' of undefined
2017-03-11T21:35:50.029Z - info: Couldn't tickle MS: Cannot read property 'maybeTickleMS' of undefined
2017-03-11T21:36:50.028Z - info: Couldn't tickle MS: Cannot read property 'maybeTickleMS' of undefined
2017-03-11T21:37:50.043Z - info: Couldn't tickle MS: Cannot read property 'maybeTickleMS' of undefined
2017-03-11T21:38:50.037Z - info: Couldn't tickle MS: Cannot read property 'maybeTickleMS' of undefined
2017-03-11T21:39:50.060Z - info: Couldn't tickle MS: Cannot read property 'maybeTickleMS' of undefined
2017-03-11T21:39:58.108Z - info: Checking network connection to Slack...
2017-03-11T21:40:50.081Z - info: Couldn't tickle MS: Cannot read property 'maybeTickleMS' of undefined
2017-03-11T21:41:50.081Z - info: Couldn't tickle MS: Cannot read property 'maybeTickleMS' of undefined
2017-03-11T21:42:50.088Z - info: Couldn't tickle MS: Cannot read property 'maybeTickleMS' of undefined
2017-03-11T21:43:50.093Z - info: Couldn't tickle MS: Cannot read property 'maybeTickleMS' of undefined
2017-03-11T21:44:50.112Z - info: Couldn't tickle MS: Cannot read property 'maybeTickleMS' of undefined
2017-03-11T21:45:50.117Z - info: Couldn't tickle MS: Cannot read property 'maybeTickleMS' of undefined
2017-03-11T21:46:50.122Z - info: Couldn't tickle MS: Cannot read property 'maybeTickleMS' of undefined
