2017-03-13T04:29:17.468Z - info: T29BP9W7L usage: 82
2017-03-13T04:29:17.469Z - info: T04UC58N2 usage: 0
2017-03-13T04:29:17.477Z - info: SET_NETWORK_STATUS : "online"
2017-03-13T04:29:17.550Z - info: Checking network connection to Slack...
2017-03-13T04:29:17.562Z - info: Bugsnag user: U29BJ6XAT
2017-03-13T06:27:18.930Z - info: SET_NETWORK_STATUS : "offline"
2017-03-13T15:46:31.900Z - info: Checking network connection to Slack...
2017-03-13T15:46:34.401Z - info: Checking network connection to Slack...
2017-03-13T15:46:35.093Z - info: SET_NETWORK_STATUS : "online"
2017-03-13T15:51:52.316Z - info: SET_NETWORK_STATUS : "offline"
2017-03-13T16:13:56.034Z - info: Checking network connection to Slack...
2017-03-13T16:13:58.535Z - info: Checking network connection to Slack...
2017-03-13T16:14:01.035Z - info: Checking network connection to Slack...
2017-03-13T16:14:01.653Z - info: SET_NETWORK_STATUS : "online"
2017-03-13T16:25:19.300Z - info: SET_NETWORK_STATUS : "offline"
2017-03-13T17:32:52.015Z - info: Couldn't tickle MS: Failed to execute 'send' on 'WebSocket': Still in CONNECTING state.
2017-03-13T17:33:52.006Z - info: Couldn't tickle MS: Failed to execute 'send' on 'WebSocket': Still in CONNECTING state.
2017-03-13T17:34:52.013Z - info: Couldn't tickle MS: Failed to execute 'send' on 'WebSocket': Still in CONNECTING state.
2017-03-13T17:35:52.016Z - info: Couldn't tickle MS: Failed to execute 'send' on 'WebSocket': Still in CONNECTING state.
2017-03-13T17:36:10.155Z - info: Checking network connection to Slack...
2017-03-13T17:36:12.656Z - info: Checking network connection to Slack...
2017-03-13T17:36:13.283Z - info: SET_NETWORK_STATUS : "online"
2017-03-13T18:46:56.791Z - info: SET_NETWORK_STATUS : "offline"
2017-03-13T20:14:52.463Z - info: Couldn't tickle MS: Failed to execute 'send' on 'WebSocket': Still in CONNECTING state.
2017-03-13T20:15:52.470Z - info: Couldn't tickle MS: Failed to execute 'send' on 'WebSocket': Still in CONNECTING state.
2017-03-13T20:16:52.468Z - info: Couldn't tickle MS: Failed to execute 'send' on 'WebSocket': Still in CONNECTING state.
2017-03-13T20:17:52.485Z - info: Couldn't tickle MS: Failed to execute 'send' on 'WebSocket': Still in CONNECTING state.
2017-03-13T20:18:52.490Z - info: Couldn't tickle MS: Failed to execute 'send' on 'WebSocket': Still in CONNECTING state.
2017-03-13T20:19:52.487Z - info: Couldn't tickle MS: Failed to execute 'send' on 'WebSocket': Still in CONNECTING state.
2017-03-13T20:20:52.496Z - info: Couldn't tickle MS: Failed to execute 'send' on 'WebSocket': Still in CONNECTING state.
2017-03-13T20:21:52.497Z - info: Couldn't tickle MS: Failed to execute 'send' on 'WebSocket': Still in CONNECTING state.
2017-03-13T20:22:52.504Z - info: Couldn't tickle MS: Failed to execute 'send' on 'WebSocket': Still in CONNECTING state.
2017-03-13T20:23:52.506Z - info: Couldn't tickle MS: Failed to execute 'send' on 'WebSocket': Still in CONNECTING state.
2017-03-13T20:24:52.512Z - info: Couldn't tickle MS: Failed to execute 'send' on 'WebSocket': Still in CONNECTING state.
2017-03-13T20:25:52.514Z - info: Couldn't tickle MS: Failed to execute 'send' on 'WebSocket': Still in CONNECTING state.
2017-03-13T20:26:52.525Z - info: Couldn't tickle MS: Failed to execute 'send' on 'WebSocket': Still in CONNECTING state.
2017-03-13T20:27:52.523Z - info: Couldn't tickle MS: Failed to execute 'send' on 'WebSocket': Still in CONNECTING state.
2017-03-13T20:28:52.527Z - info: Couldn't tickle MS: Failed to execute 'send' on 'WebSocket': Still in CONNECTING state.
2017-03-13T20:29:52.530Z - info: Couldn't tickle MS: Failed to execute 'send' on 'WebSocket': Still in CONNECTING state.
2017-03-13T20:30:52.534Z - info: Couldn't tickle MS: Failed to execute 'send' on 'WebSocket': Still in CONNECTING state.
2017-03-13T20:31:52.543Z - info: Couldn't tickle MS: Failed to execute 'send' on 'WebSocket': Still in CONNECTING state.
2017-03-13T20:32:52.544Z - info: Couldn't tickle MS: Failed to execute 'send' on 'WebSocket': Still in CONNECTING state.
2017-03-13T20:33:52.547Z - info: Couldn't tickle MS: Failed to execute 'send' on 'WebSocket': Still in CONNECTING state.
2017-03-13T20:34:52.550Z - info: Couldn't tickle MS: Failed to execute 'send' on 'WebSocket': Still in CONNECTING state.
2017-03-13T20:35:52.553Z - info: Couldn't tickle MS: Failed to execute 'send' on 'WebSocket': Still in CONNECTING state.
2017-03-13T20:36:52.557Z - info: Couldn't tickle MS: Failed to execute 'send' on 'WebSocket': Still in CONNECTING state.
2017-03-13T20:37:52.561Z - info: Couldn't tickle MS: Failed to execute 'send' on 'WebSocket': Still in CONNECTING state.
2017-03-13T20:38:52.567Z - info: Couldn't tickle MS: Failed to execute 'send' on 'WebSocket': Still in CONNECTING state.
2017-03-13T20:39:52.569Z - info: Couldn't tickle MS: Failed to execute 'send' on 'WebSocket': Still in CONNECTING state.
2017-03-13T20:40:52.571Z - info: Couldn't tickle MS: Failed to execute 'send' on 'WebSocket': Still in CONNECTING state.
2017-03-13T20:41:52.575Z - info: Couldn't tickle MS: Failed to execute 'send' on 'WebSocket': Still in CONNECTING state.
2017-03-13T20:42:52.591Z - info: Couldn't tickle MS: Failed to execute 'send' on 'WebSocket': Still in CONNECTING state.
2017-03-13T20:43:52.587Z - info: Couldn't tickle MS: Failed to execute 'send' on 'WebSocket': Still in CONNECTING state.
2017-03-13T20:44:52.591Z - info: Couldn't tickle MS: Failed to execute 'send' on 'WebSocket': Still in CONNECTING state.
2017-03-13T20:45:52.604Z - info: Couldn't tickle MS: Failed to execute 'send' on 'WebSocket': Still in CONNECTING state.
2017-03-13T20:46:52.605Z - info: Couldn't tickle MS: Failed to execute 'send' on 'WebSocket': Still in CONNECTING state.
2017-03-13T20:47:52.607Z - info: Couldn't tickle MS: Failed to execute 'send' on 'WebSocket': Still in CONNECTING state.
2017-03-13T20:48:52.614Z - info: Couldn't tickle MS: Failed to execute 'send' on 'WebSocket': Still in CONNECTING state.
2017-03-13T20:49:52.618Z - info: Couldn't tickle MS: Failed to execute 'send' on 'WebSocket': Still in CONNECTING state.
2017-03-13T20:50:52.621Z - info: Couldn't tickle MS: Failed to execute 'send' on 'WebSocket': Still in CONNECTING state.
2017-03-13T20:51:52.624Z - info: Couldn't tickle MS: Failed to execute 'send' on 'WebSocket': Still in CONNECTING state.
2017-03-13T20:52:28.938Z - info: Checking network connection to Slack...
2017-03-13T20:52:31.439Z - info: Checking network connection to Slack...
2017-03-13T20:52:32.185Z - info: SET_NETWORK_STATUS : "online"
2017-03-13T21:52:21.118Z - info: SET_NETWORK_STATUS : "offline"
2017-03-14T01:19:45.343Z - info: Checking network connection to Slack...
2017-03-14T01:19:47.844Z - info: Checking network connection to Slack...
2017-03-14T01:19:50.344Z - info: Checking network connection to Slack...
2017-03-14T01:19:50.901Z - info: SET_NETWORK_STATUS : "online"
2017-03-14T01:19:55.372Z - info: WebView received redirect request from https://stohio.slack.com/messages/general/ to http://stohio.slack.com/messages/general
2017-03-14T01:19:55.379Z - info: WebView received redirect request from http://stohio.slack.com/messages/general to https://stohio.slack.com/messages/general
2017-03-14T01:59:04.741Z - info: SET_NETWORK_STATUS : "offline"
2017-03-14T02:59:32.899Z - info: Checking network connection to Slack...
2017-03-14T02:59:35.400Z - info: Checking network connection to Slack...
2017-03-14T02:59:36.231Z - info: SET_NETWORK_STATUS : "online"
2017-03-14T03:00:39.439Z - info: SET_NETWORK_STATUS : "offline"
2017-03-14T03:01:04.986Z - info: Checking network connection to Slack...
2017-03-14T03:01:07.487Z - info: Checking network connection to Slack...
2017-03-14T03:01:08.059Z - info: SET_NETWORK_STATUS : "online"
2017-03-14T03:01:27.957Z - info: SET_NETWORK_STATUS : "offline"
2017-03-14T03:07:11.946Z - info: Checking network connection to Slack...
2017-03-14T03:07:14.447Z - info: Checking network connection to Slack...
2017-03-14T03:07:15.059Z - info: SET_NETWORK_STATUS : "online"
2017-03-14T05:30:24.994Z - info: SET_NETWORK_STATUS : "offline"
2017-03-14T12:02:46.870Z - info: Checking network connection to Slack...
2017-03-14T12:02:49.372Z - info: Checking network connection to Slack...
2017-03-14T12:02:50.068Z - info: SET_NETWORK_STATUS : "online"
2017-03-14T12:12:40.856Z - info: SET_NETWORK_STATUS : "offline"
2017-03-14T18:17:08.542Z - info: Checking network connection to Slack...
2017-03-14T18:17:11.043Z - info: Checking network connection to Slack...
2017-03-14T18:17:11.748Z - info: SET_NETWORK_STATUS : "online"
2017-03-14T18:23:30.711Z - info: Couldn't tickle MS: Cannot read property 'maybeTickleMS' of undefined
2017-03-14T18:24:30.721Z - info: Couldn't tickle MS: Cannot read property 'maybeTickleMS' of undefined
2017-03-14T18:25:30.734Z - info: Couldn't tickle MS: Cannot read property 'maybeTickleMS' of undefined
2017-03-14T18:26:30.736Z - info: Couldn't tickle MS: Cannot read property 'maybeTickleMS' of undefined
2017-03-14T18:27:30.737Z - info: Couldn't tickle MS: Cannot read property 'maybeTickleMS' of undefined
2017-03-14T18:28:31.708Z - info: Couldn't tickle MS: Cannot read property 'maybeTickleMS' of undefined
2017-03-14T18:29:32.721Z - info: Couldn't tickle MS: Cannot read property 'maybeTickleMS' of undefined
2017-03-14T18:30:33.709Z - info: Couldn't tickle MS: Cannot read property 'maybeTickleMS' of undefined
2017-03-14T18:31:34.728Z - info: Couldn't tickle MS: Cannot read property 'maybeTickleMS' of undefined
2017-03-14T18:32:35.726Z - info: Couldn't tickle MS: Cannot read property 'maybeTickleMS' of undefined
2017-03-14T18:33:36.707Z - info: Couldn't tickle MS: Cannot read property 'maybeTickleMS' of undefined
2017-03-14T18:34:37.707Z - info: Couldn't tickle MS: Cannot read property 'maybeTickleMS' of undefined
2017-03-14T18:35:38.725Z - info: Couldn't tickle MS: Cannot read property 'maybeTickleMS' of undefined
2017-03-14T18:36:39.708Z - info: Couldn't tickle MS: Cannot read property 'maybeTickleMS' of undefined
2017-03-14T18:37:40.725Z - info: Couldn't tickle MS: Cannot read property 'maybeTickleMS' of undefined
2017-03-14T18:38:41.708Z - info: Couldn't tickle MS: Cannot read property 'maybeTickleMS' of undefined
2017-03-14T18:39:42.709Z - info: Couldn't tickle MS: Cannot read property 'maybeTickleMS' of undefined
2017-03-14T18:40:43.724Z - info: Couldn't tickle MS: Cannot read property 'maybeTickleMS' of undefined
2017-03-14T18:41:44.713Z - info: Couldn't tickle MS: Cannot read property 'maybeTickleMS' of undefined
2017-03-14T18:42:45.716Z - info: Couldn't tickle MS: Cannot read property 'maybeTickleMS' of undefined
2017-03-14T18:43:46.711Z - info: Couldn't tickle MS: Cannot read property 'maybeTickleMS' of undefined
2017-03-14T18:44:47.725Z - info: Couldn't tickle MS: Cannot read property 'maybeTickleMS' of undefined
2017-03-14T18:45:48.707Z - info: Couldn't tickle MS: Cannot read property 'maybeTickleMS' of undefined
2017-03-14T18:46:49.727Z - info: Couldn't tickle MS: Cannot read property 'maybeTickleMS' of undefined
2017-03-14T18:47:50.722Z - info: Couldn't tickle MS: Cannot read property 'maybeTickleMS' of undefined
2017-03-14T18:48:51.730Z - info: Couldn't tickle MS: Cannot read property 'maybeTickleMS' of undefined
2017-03-14T18:49:52.714Z - info: Couldn't tickle MS: Cannot read property 'maybeTickleMS' of undefined
2017-03-14T18:50:53.725Z - info: Couldn't tickle MS: Cannot read property 'maybeTickleMS' of undefined
2017-03-14T18:51:54.726Z - info: Couldn't tickle MS: Cannot read property 'maybeTickleMS' of undefined
2017-03-14T18:52:55.716Z - info: Couldn't tickle MS: Cannot read property 'maybeTickleMS' of undefined
2017-03-14T18:53:56.716Z - info: Couldn't tickle MS: Cannot read property 'maybeTickleMS' of undefined
2017-03-14T18:54:57.720Z - info: Couldn't tickle MS: Cannot read property 'maybeTickleMS' of undefined
2017-03-14T18:55:58.731Z - info: Couldn't tickle MS: Cannot read property 'maybeTickleMS' of undefined
2017-03-14T18:56:59.712Z - info: Couldn't tickle MS: Cannot read property 'maybeTickleMS' of undefined
2017-03-14T18:58:00.726Z - info: Couldn't tickle MS: Cannot read property 'maybeTickleMS' of undefined
2017-03-14T18:59:01.725Z - info: Couldn't tickle MS: Cannot read property 'maybeTickleMS' of undefined
2017-03-14T19:00:02.709Z - info: Couldn't tickle MS: Cannot read property 'maybeTickleMS' of undefined
2017-03-14T19:01:03.708Z - info: Couldn't tickle MS: Cannot read property 'maybeTickleMS' of undefined
2017-03-14T19:02:04.713Z - info: Couldn't tickle MS: Cannot read property 'maybeTickleMS' of undefined
2017-03-14T19:02:41.698Z - info: SET_NETWORK_STATUS : "offline"
2017-03-14T20:35:02.470Z - info: Couldn't tickle MS: Cannot read property 'maybeTickleMS' of undefined
2017-03-14T20:36:01.328Z - info: Checking network connection to Slack...
2017-03-14T20:36:03.351Z - info: Couldn't tickle MS: Cannot read property 'maybeTickleMS' of undefined
2017-03-14T20:36:04.328Z - info: Checking network connection to Slack...
2017-03-14T20:36:05.328Z - info: SET_NETWORK_STATUS : "online"
2017-03-14T20:37:04.349Z - info: Couldn't tickle MS: Cannot read property 'maybeTickleMS' of undefined
2017-03-14T20:38:05.338Z - info: Couldn't tickle MS: Cannot read property 'maybeTickleMS' of undefined
2017-03-14T20:39:06.339Z - info: Couldn't tickle MS: Cannot read property 'maybeTickleMS' of undefined
2017-03-14T20:40:07.352Z - info: Couldn't tickle MS: Cannot read property 'maybeTickleMS' of undefined
2017-03-14T20:41:08.347Z - info: Couldn't tickle MS: Cannot read property 'maybeTickleMS' of undefined
2017-03-14T20:42:09.353Z - info: Couldn't tickle MS: Cannot read property 'maybeTickleMS' of undefined
2017-03-14T20:43:10.357Z - info: Couldn't tickle MS: Cannot read property 'maybeTickleMS' of undefined
2017-03-14T20:44:11.346Z - info: Couldn't tickle MS: Cannot read property 'maybeTickleMS' of undefined
2017-03-14T20:45:12.348Z - info: Couldn't tickle MS: Cannot read property 'maybeTickleMS' of undefined
2017-03-14T20:46:13.356Z - info: Couldn't tickle MS: Cannot read property 'maybeTickleMS' of undefined
2017-03-14T20:47:14.348Z - info: Couldn't tickle MS: Cannot read property 'maybeTickleMS' of undefined
2017-03-14T20:48:15.351Z - info: Couldn't tickle MS: Cannot read property 'maybeTickleMS' of undefined
2017-03-14T20:49:16.340Z - info: Couldn't tickle MS: Cannot read property 'maybeTickleMS' of undefined
2017-03-14T20:50:17.340Z - info: Couldn't tickle MS: Cannot read property 'maybeTickleMS' of undefined
2017-03-14T20:51:18.345Z - info: Couldn't tickle MS: Cannot read property 'maybeTickleMS' of undefined
2017-03-14T20:52:19.341Z - info: Couldn't tickle MS: Cannot read property 'maybeTickleMS' of undefined
2017-03-14T20:53:20.345Z - info: Couldn't tickle MS: Cannot read property 'maybeTickleMS' of undefined
2017-03-14T20:54:21.338Z - info: Couldn't tickle MS: Cannot read property 'maybeTickleMS' of undefined
2017-03-14T20:55:22.353Z - info: Couldn't tickle MS: Cannot read property 'maybeTickleMS' of undefined
2017-03-14T20:56:23.354Z - info: Couldn't tickle MS: Cannot read property 'maybeTickleMS' of undefined
2017-03-14T20:57:24.339Z - info: Couldn't tickle MS: Cannot read property 'maybeTickleMS' of undefined
2017-03-14T20:58:25.347Z - info: Couldn't tickle MS: Cannot read property 'maybeTickleMS' of undefined
2017-03-14T20:59:26.360Z - info: Couldn't tickle MS: Cannot read property 'maybeTickleMS' of undefined
2017-03-14T21:00:27.343Z - info: Couldn't tickle MS: Cannot read property 'maybeTickleMS' of undefined
2017-03-14T21:01:28.346Z - info: Couldn't tickle MS: Cannot read property 'maybeTickleMS' of undefined
2017-03-14T21:02:29.353Z - info: Couldn't tickle MS: Cannot read property 'maybeTickleMS' of undefined
2017-03-14T21:03:30.341Z - info: Couldn't tickle MS: Cannot read property 'maybeTickleMS' of undefined
2017-03-14T21:04:31.351Z - info: Couldn't tickle MS: Cannot read property 'maybeTickleMS' of undefined
2017-03-14T21:05:32.355Z - info: Couldn't tickle MS: Cannot read property 'maybeTickleMS' of undefined
2017-03-14T21:06:33.349Z - info: Couldn't tickle MS: Cannot read property 'maybeTickleMS' of undefined
2017-03-14T21:07:34.353Z - info: Couldn't tickle MS: Cannot read property 'maybeTickleMS' of undefined
2017-03-14T21:08:35.351Z - info: Couldn't tickle MS: Cannot read property 'maybeTickleMS' of undefined
2017-03-14T21:09:36.353Z - info: Couldn't tickle MS: Cannot read property 'maybeTickleMS' of undefined
2017-03-14T21:10:37.351Z - info: Couldn't tickle MS: Cannot read property 'maybeTickleMS' of undefined
2017-03-14T21:11:38.353Z - info: Couldn't tickle MS: Cannot read property 'maybeTickleMS' of undefined
2017-03-14T21:12:39.356Z - info: Couldn't tickle MS: Cannot read property 'maybeTickleMS' of undefined
2017-03-14T21:13:40.347Z - info: Couldn't tickle MS: Cannot read property 'maybeTickleMS' of undefined
2017-03-14T21:14:41.357Z - info: Couldn't tickle MS: Cannot read property 'maybeTickleMS' of undefined
2017-03-14T21:15:42.349Z - info: Couldn't tickle MS: Cannot read property 'maybeTickleMS' of undefined
2017-03-14T21:16:43.351Z - info: Couldn't tickle MS: Cannot read property 'maybeTickleMS' of undefined
2017-03-14T21:17:44.338Z - info: Couldn't tickle MS: Cannot read property 'maybeTickleMS' of undefined
2017-03-14T21:18:45.347Z - info: Couldn't tickle MS: Cannot read property 'maybeTickleMS' of undefined
2017-03-14T21:19:46.341Z - info: Couldn't tickle MS: Cannot read property 'maybeTickleMS' of undefined
2017-03-14T21:20:47.357Z - info: Couldn't tickle MS: Cannot read property 'maybeTickleMS' of undefined
2017-03-14T21:21:48.357Z - info: Couldn't tickle MS: Cannot read property 'maybeTickleMS' of undefined
2017-03-14T21:22:49.338Z - info: Couldn't tickle MS: Cannot read property 'maybeTickleMS' of undefined
2017-03-14T21:23:50.348Z - info: Couldn't tickle MS: Cannot read property 'maybeTickleMS' of undefined
2017-03-14T21:24:51.354Z - info: Couldn't tickle MS: Cannot read property 'maybeTickleMS' of undefined
2017-03-14T21:25:52.341Z - info: Couldn't tickle MS: Cannot read property 'maybeTickleMS' of undefined
2017-03-14T21:26:53.341Z - info: Couldn't tickle MS: Cannot read property 'maybeTickleMS' of undefined
2017-03-14T21:27:54.341Z - info: Couldn't tickle MS: Cannot read property 'maybeTickleMS' of undefined
2017-03-14T21:28:55.343Z - info: Couldn't tickle MS: Cannot read property 'maybeTickleMS' of undefined
2017-03-14T21:29:56.352Z - info: Couldn't tickle MS: Cannot read property 'maybeTickleMS' of undefined
2017-03-14T21:30:57.350Z - info: Couldn't tickle MS: Cannot read property 'maybeTickleMS' of undefined
2017-03-14T21:31:58.351Z - info: Couldn't tickle MS: Cannot read property 'maybeTickleMS' of undefined
2017-03-14T21:32:59.339Z - info: Couldn't tickle MS: Cannot read property 'maybeTickleMS' of undefined
2017-03-14T21:34:00.352Z - info: Couldn't tickle MS: Cannot read property 'maybeTickleMS' of undefined
2017-03-14T21:35:01.346Z - info: Couldn't tickle MS: Cannot read property 'maybeTickleMS' of undefined
2017-03-14T21:36:02.347Z - info: Couldn't tickle MS: Cannot read property 'maybeTickleMS' of undefined
2017-03-14T21:37:03.340Z - info: Couldn't tickle MS: Cannot read property 'maybeTickleMS' of undefined
2017-03-14T21:38:04.346Z - info: Couldn't tickle MS: Cannot read property 'maybeTickleMS' of undefined
2017-03-14T21:39:05.347Z - info: Couldn't tickle MS: Cannot read property 'maybeTickleMS' of undefined
2017-03-14T21:40:06.342Z - info: Couldn't tickle MS: Cannot read property 'maybeTickleMS' of undefined
2017-03-14T21:41:07.351Z - info: Couldn't tickle MS: Cannot read property 'maybeTickleMS' of undefined
2017-03-14T21:42:08.356Z - info: Couldn't tickle MS: Cannot read property 'maybeTickleMS' of undefined
2017-03-14T21:43:09.338Z - info: Couldn't tickle MS: Cannot read property 'maybeTickleMS' of undefined
2017-03-14T21:44:10.347Z - info: Couldn't tickle MS: Cannot read property 'maybeTickleMS' of undefined
2017-03-14T21:45:11.352Z - info: Couldn't tickle MS: Cannot read property 'maybeTickleMS' of undefined
2017-03-14T21:46:12.347Z - info: Couldn't tickle MS: Cannot read property 'maybeTickleMS' of undefined
2017-03-14T21:47:13.350Z - info: Couldn't tickle MS: Cannot read property 'maybeTickleMS' of undefined
2017-03-14T21:48:14.341Z - info: Couldn't tickle MS: Cannot read property 'maybeTickleMS' of undefined
2017-03-14T21:49:15.354Z - info: Couldn't tickle MS: Cannot read property 'maybeTickleMS' of undefined
2017-03-14T21:50:16.352Z - info: Couldn't tickle MS: Cannot read property 'maybeTickleMS' of undefined
2017-03-14T21:51:17.356Z - info: Couldn't tickle MS: Cannot read property 'maybeTickleMS' of undefined
2017-03-14T21:52:18.346Z - info: Couldn't tickle MS: Cannot read property 'maybeTickleMS' of undefined
2017-03-14T21:53:19.342Z - info: Couldn't tickle MS: Cannot read property 'maybeTickleMS' of undefined
2017-03-14T21:54:20.352Z - info: Couldn't tickle MS: Cannot read property 'maybeTickleMS' of undefined
2017-03-14T21:55:21.347Z - info: Couldn't tickle MS: Cannot read property 'maybeTickleMS' of undefined
2017-03-14T21:56:22.346Z - info: Couldn't tickle MS: Cannot read property 'maybeTickleMS' of undefined
2017-03-14T21:57:23.345Z - info: Couldn't tickle MS: Cannot read property 'maybeTickleMS' of undefined
2017-03-14T21:58:24.354Z - info: Couldn't tickle MS: Cannot read property 'maybeTickleMS' of undefined
2017-03-14T21:59:25.344Z - info: Couldn't tickle MS: Cannot read property 'maybeTickleMS' of undefined
2017-03-14T22:00:26.352Z - info: Couldn't tickle MS: Cannot read property 'maybeTickleMS' of undefined
2017-03-14T22:01:27.339Z - info: Couldn't tickle MS: Cannot read property 'maybeTickleMS' of undefined
2017-03-14T22:02:28.338Z - info: Couldn't tickle MS: Cannot read property 'maybeTickleMS' of undefined
2017-03-14T22:03:29.356Z - info: Couldn't tickle MS: Cannot read property 'maybeTickleMS' of undefined
2017-03-14T22:04:30.356Z - info: Couldn't tickle MS: Cannot read property 'maybeTickleMS' of undefined
2017-03-14T22:05:30.349Z - info: Couldn't tickle MS: Cannot read property 'maybeTickleMS' of undefined
2017-03-14T22:06:30.353Z - info: Couldn't tickle MS: Cannot read property 'maybeTickleMS' of undefined
2017-03-14T22:07:30.358Z - info: Couldn't tickle MS: Cannot read property 'maybeTickleMS' of undefined
2017-03-14T22:08:30.372Z - info: Couldn't tickle MS: Cannot read property 'maybeTickleMS' of undefined
2017-03-14T22:09:30.384Z - info: Couldn't tickle MS: Cannot read property 'maybeTickleMS' of undefined
2017-03-14T22:10:30.388Z - info: Couldn't tickle MS: Cannot read property 'maybeTickleMS' of undefined
2017-03-14T22:11:30.398Z - info: Couldn't tickle MS: Cannot read property 'maybeTickleMS' of undefined
2017-03-14T22:12:30.404Z - info: Couldn't tickle MS: Cannot read property 'maybeTickleMS' of undefined
2017-03-14T22:13:30.417Z - info: Couldn't tickle MS: Cannot read property 'maybeTickleMS' of undefined
2017-03-14T22:14:30.414Z - info: Couldn't tickle MS: Cannot read property 'maybeTickleMS' of undefined
2017-03-14T22:15:30.416Z - info: Couldn't tickle MS: Cannot read property 'maybeTickleMS' of undefined
2017-03-14T22:16:30.427Z - info: Couldn't tickle MS: Cannot read property 'maybeTickleMS' of undefined
2017-03-14T22:17:30.428Z - info: Couldn't tickle MS: Cannot read property 'maybeTickleMS' of undefined
2017-03-14T22:18:30.429Z - info: Couldn't tickle MS: Cannot read property 'maybeTickleMS' of undefined
2017-03-14T22:19:30.434Z - info: Couldn't tickle MS: Cannot read property 'maybeTickleMS' of undefined
2017-03-14T22:20:30.441Z - info: Couldn't tickle MS: Cannot read property 'maybeTickleMS' of undefined
2017-03-14T22:21:30.458Z - info: Couldn't tickle MS: Cannot read property 'maybeTickleMS' of undefined
2017-03-14T22:22:30.470Z - info: Couldn't tickle MS: Cannot read property 'maybeTickleMS' of undefined
2017-03-14T22:23:30.475Z - info: Couldn't tickle MS: Cannot read property 'maybeTickleMS' of undefined
2017-03-14T22:24:30.486Z - info: Couldn't tickle MS: Cannot read property 'maybeTickleMS' of undefined
2017-03-14T22:25:30.480Z - info: Couldn't tickle MS: Cannot read property 'maybeTickleMS' of undefined
2017-03-14T22:26:30.500Z - info: Couldn't tickle MS: Cannot read property 'maybeTickleMS' of undefined
2017-03-14T22:27:30.495Z - info: Couldn't tickle MS: Cannot read property 'maybeTickleMS' of undefined
2017-03-14T22:28:30.128Z - info: SET_NETWORK_STATUS : "offline"
2017-03-14T22:28:30.499Z - info: Couldn't tickle MS: Cannot read property 'maybeTickleMS' of undefined
2017-03-14T22:56:35.503Z - info: Checking network connection to Slack...
2017-03-14T22:56:38.004Z - info: Checking network connection to Slack...
2017-03-14T22:56:40.504Z - info: Checking network connection to Slack...
2017-03-14T22:56:43.004Z - info: Checking network connection to Slack...
2017-03-14T22:56:43.713Z - info: SET_NETWORK_STATUS : "online"
2017-03-14T22:57:22.218Z - info: Couldn't tickle MS: Cannot read property 'maybeTickleMS' of undefined
2017-03-14T22:58:22.221Z - info: Couldn't tickle MS: Cannot read property 'maybeTickleMS' of undefined
2017-03-14T22:59:22.223Z - info: Couldn't tickle MS: Cannot read property 'maybeTickleMS' of undefined
2017-03-14T23:00:22.226Z - info: Couldn't tickle MS: Cannot read property 'maybeTickleMS' of undefined
2017-03-14T23:01:22.242Z - info: Couldn't tickle MS: Cannot read property 'maybeTickleMS' of undefined
2017-03-14T23:02:22.252Z - info: Couldn't tickle MS: Cannot read property 'maybeTickleMS' of undefined
2017-03-14T23:03:22.261Z - info: Couldn't tickle MS: Cannot read property 'maybeTickleMS' of undefined
2017-03-14T23:04:22.267Z - info: Couldn't tickle MS: Cannot read property 'maybeTickleMS' of undefined
2017-03-14T23:05:22.280Z - info: Couldn't tickle MS: Cannot read property 'maybeTickleMS' of undefined
2017-03-14T23:06:22.282Z - info: Couldn't tickle MS: Cannot read property 'maybeTickleMS' of undefined
2017-03-14T23:07:22.295Z - info: Couldn't tickle MS: Cannot read property 'maybeTickleMS' of undefined
2017-03-14T23:08:22.294Z - info: Couldn't tickle MS: Cannot read property 'maybeTickleMS' of undefined
2017-03-14T23:09:22.299Z - info: Couldn't tickle MS: Cannot read property 'maybeTickleMS' of undefined
2017-03-14T23:10:22.306Z - info: Couldn't tickle MS: Cannot read property 'maybeTickleMS' of undefined
2017-03-14T23:11:22.316Z - info: Couldn't tickle MS: Cannot read property 'maybeTickleMS' of undefined
2017-03-14T23:12:22.318Z - info: Couldn't tickle MS: Cannot read property 'maybeTickleMS' of undefined
2017-03-14T23:13:22.331Z - info: Couldn't tickle MS: Cannot read property 'maybeTickleMS' of undefined
2017-03-14T23:14:22.341Z - info: Couldn't tickle MS: Cannot read property 'maybeTickleMS' of undefined
2017-03-14T23:15:22.345Z - info: Couldn't tickle MS: Cannot read property 'maybeTickleMS' of undefined
2017-03-14T23:16:22.361Z - info: Couldn't tickle MS: Cannot read property 'maybeTickleMS' of undefined
2017-03-14T23:17:22.410Z - info: Couldn't tickle MS: Cannot read property 'maybeTickleMS' of undefined
2017-03-14T23:18:22.380Z - info: Couldn't tickle MS: Cannot read property 'maybeTickleMS' of undefined
2017-03-14T23:19:22.391Z - info: Couldn't tickle MS: Cannot read property 'maybeTickleMS' of undefined
2017-03-14T23:20:22.389Z - info: Couldn't tickle MS: Cannot read property 'maybeTickleMS' of undefined
2017-03-14T23:21:22.391Z - info: Couldn't tickle MS: Cannot read property 'maybeTickleMS' of undefined
2017-03-14T23:22:22.410Z - info: Couldn't tickle MS: Cannot read property 'maybeTickleMS' of undefined
2017-03-14T23:23:22.412Z - info: Couldn't tickle MS: Cannot read property 'maybeTickleMS' of undefined
2017-03-14T23:24:22.427Z - info: Couldn't tickle MS: Cannot read property 'maybeTickleMS' of undefined
2017-03-14T23:25:22.437Z - info: Couldn't tickle MS: Cannot read property 'maybeTickleMS' of undefined
2017-03-14T23:26:22.447Z - info: Couldn't tickle MS: Cannot read property 'maybeTickleMS' of undefined
2017-03-14T23:27:22.458Z - info: Couldn't tickle MS: Cannot read property 'maybeTickleMS' of undefined
2017-03-14T23:28:22.466Z - info: Couldn't tickle MS: Cannot read property 'maybeTickleMS' of undefined
2017-03-14T23:29:22.475Z - info: Couldn't tickle MS: Cannot read property 'maybeTickleMS' of undefined
2017-03-14T23:30:22.482Z - info: Couldn't tickle MS: Cannot read property 'maybeTickleMS' of undefined
2017-03-14T23:31:22.491Z - info: Couldn't tickle MS: Cannot read property 'maybeTickleMS' of undefined
2017-03-14T23:32:22.498Z - info: Couldn't tickle MS: Cannot read property 'maybeTickleMS' of undefined
2017-03-14T23:33:22.505Z - info: Couldn't tickle MS: Cannot read property 'maybeTickleMS' of undefined
2017-03-14T23:34:22.511Z - info: Couldn't tickle MS: Cannot read property 'maybeTickleMS' of undefined
2017-03-15T01:05:22.640Z - info: Couldn't tickle MS: Cannot read property 'maybeTickleMS' of undefined
2017-03-15T01:06:22.642Z - info: Couldn't tickle MS: Cannot read property 'maybeTickleMS' of undefined
2017-03-15T01:07:22.654Z - info: Couldn't tickle MS: Cannot read property 'maybeTickleMS' of undefined
2017-03-15T01:08:22.659Z - info: Couldn't tickle MS: Cannot read property 'maybeTickleMS' of undefined
2017-03-15T01:09:22.664Z - info: Couldn't tickle MS: Cannot read property 'maybeTickleMS' of undefined
2017-03-15T01:10:22.681Z - info: Couldn't tickle MS: Cannot read property 'maybeTickleMS' of undefined
2017-03-15T01:11:22.674Z - info: Couldn't tickle MS: Cannot read property 'maybeTickleMS' of undefined
2017-03-15T01:12:22.689Z - info: Couldn't tickle MS: Cannot read property 'maybeTickleMS' of undefined
2017-03-15T01:13:22.696Z - info: Couldn't tickle MS: Cannot read property 'maybeTickleMS' of undefined
2017-03-15T01:14:22.703Z - info: Couldn't tickle MS: Cannot read property 'maybeTickleMS' of undefined
2017-03-15T01:15:22.717Z - info: Couldn't tickle MS: Cannot read property 'maybeTickleMS' of undefined
2017-03-15T01:16:22.719Z - info: Couldn't tickle MS: Cannot read property 'maybeTickleMS' of undefined
2017-03-15T01:17:22.719Z - info: Couldn't tickle MS: Cannot read property 'maybeTickleMS' of undefined
2017-03-15T01:18:22.739Z - info: Couldn't tickle MS: Cannot read property 'maybeTickleMS' of undefined
2017-03-15T01:19:22.748Z - info: Couldn't tickle MS: Cannot read property 'maybeTickleMS' of undefined
2017-03-15T01:20:22.742Z - info: Couldn't tickle MS: Cannot read property 'maybeTickleMS' of undefined
2017-03-15T01:21:22.745Z - info: Couldn't tickle MS: Cannot read property 'maybeTickleMS' of undefined
2017-03-15T01:22:22.748Z - info: Couldn't tickle MS: Cannot read property 'maybeTickleMS' of undefined
2017-03-15T01:23:22.751Z - info: Couldn't tickle MS: Cannot read property 'maybeTickleMS' of undefined
2017-03-15T01:24:22.757Z - info: Couldn't tickle MS: Cannot read property 'maybeTickleMS' of undefined
2017-03-15T01:26:22.761Z - info: Couldn't tickle MS: Cannot read property 'maybeTickleMS' of undefined
2017-03-15T01:27:22.762Z - info: Couldn't tickle MS: Cannot read property 'maybeTickleMS' of undefined
2017-03-15T01:28:22.767Z - info: Couldn't tickle MS: Cannot read property 'maybeTickleMS' of undefined
2017-03-15T01:29:23.050Z - info: Couldn't tickle MS: Cannot read property 'maybeTickleMS' of undefined
2017-03-15T01:30:24.051Z - info: Couldn't tickle MS: Cannot read property 'maybeTickleMS' of undefined
2017-03-15T01:31:25.051Z - info: Couldn't tickle MS: Cannot read property 'maybeTickleMS' of undefined
2017-03-15T01:32:26.051Z - info: Couldn't tickle MS: Cannot read property 'maybeTickleMS' of undefined
2017-03-15T01:33:27.050Z - info: Couldn't tickle MS: Cannot read property 'maybeTickleMS' of undefined
2017-03-15T01:34:28.050Z - info: Couldn't tickle MS: Cannot read property 'maybeTickleMS' of undefined
2017-03-15T01:35:29.051Z - info: Couldn't tickle MS: Cannot read property 'maybeTickleMS' of undefined
2017-03-15T01:36:30.051Z - info: Couldn't tickle MS: Cannot read property 'maybeTickleMS' of undefined
2017-03-15T01:37:31.052Z - info: Couldn't tickle MS: Cannot read property 'maybeTickleMS' of undefined
2017-03-15T01:38:32.051Z - info: Couldn't tickle MS: Cannot read property 'maybeTickleMS' of undefined
2017-03-15T01:39:33.052Z - info: Couldn't tickle MS: Cannot read property 'maybeTickleMS' of undefined
2017-03-15T01:40:34.053Z - info: Couldn't tickle MS: Cannot read property 'maybeTickleMS' of undefined
2017-03-15T01:41:35.052Z - info: Couldn't tickle MS: Cannot read property 'maybeTickleMS' of undefined
