2017-02-22T23:01:59.827Z - info: T29BP9W7L usage: 0
2017-02-22T23:01:59.828Z - info: T04UC58N2 usage: 0
2017-02-22T23:01:59.836Z - info: SET_NETWORK_STATUS : "online"
2017-02-22T23:01:59.917Z - info: Checking network connection to Slack...
2017-02-22T23:01:59.924Z - info: Bugsnag user: U29BJ6XAT
2017-02-22T23:24:43.888Z - info: SET_NETWORK_STATUS : "offline"
2017-02-22T23:51:05.393Z - info: Checking network connection to Slack...
2017-02-22T23:51:07.895Z - info: Checking network connection to Slack...
2017-02-22T23:51:10.399Z - info: Checking network connection to Slack...
2017-02-22T23:51:10.880Z - info: SET_NETWORK_STATUS : "online"
2017-02-23T01:16:57.649Z - info: SET_NETWORK_STATUS : "offline"
2017-02-24T00:27:40.503Z - info: Checking network connection to Slack...
2017-02-24T00:27:43.004Z - info: Checking network connection to Slack...
2017-02-24T00:27:45.504Z - info: Checking network connection to Slack...
2017-02-24T00:27:46.044Z - info: SET_NETWORK_STATUS : "online"
2017-02-24T00:27:47.445Z - info: WebView received redirect request from https://stohio.slack.com/messages/@gatesyp/ to http://stohio.slack.com/messages/@gatesyp
2017-02-24T00:27:47.450Z - info: WebView received redirect request from http://stohio.slack.com/messages/@gatesyp to https://stohio.slack.com/messages/@gatesyp
2017-02-24T00:27:50.733Z - info: WebView received redirect request from https://hacsoc.slack.com/messages/general/ to http://hacsoc.slack.com/messages/general
2017-02-24T00:27:50.738Z - info: WebView received redirect request from http://hacsoc.slack.com/messages/general to https://hacsoc.slack.com/messages/general
2017-02-24T01:05:13.662Z - info: SET_NETWORK_STATUS : "offline"
2017-02-24T01:05:54.370Z - info: Checking network connection to Slack...
2017-02-24T01:05:56.871Z - info: Checking network connection to Slack...
2017-02-24T01:05:57.346Z - info: SET_NETWORK_STATUS : "online"
2017-02-24T01:30:25.601Z - info: Checking network connection to Slack...
2017-02-24T01:41:18.555Z - info: SET_NETWORK_STATUS : "offline"
2017-02-24T01:54:26.220Z - info: Checking network connection to Slack...
2017-02-24T01:54:28.721Z - info: Checking network connection to Slack...
2017-02-24T01:54:29.289Z - info: SET_NETWORK_STATUS : "online"
2017-02-24T03:41:07.449Z - info: SET_NETWORK_STATUS : "offline"
2017-02-24T16:25:12.610Z - info: Checking network connection to Slack...
2017-02-24T16:25:15.111Z - info: Checking network connection to Slack...
2017-02-24T16:25:17.611Z - info: Checking network connection to Slack...
2017-02-24T16:25:18.097Z - info: SET_NETWORK_STATUS : "online"
2017-02-24T16:35:59.059Z - info: SELECT_TEAM : "T04UC58N2"
2017-02-24T16:35:59.065Z - info: Team T29BP9W7L was active for 149639236
2017-02-24T16:37:45.031Z - info: SELECT_TEAM : "T29BP9W7L"
2017-02-24T16:37:45.037Z - info: Team T04UC58N2 was active for 105971
2017-02-24T16:38:46.601Z - info: SELECT_TEAM : "T29BP9W7L"
2017-02-24T16:39:05.420Z - info: SET_NETWORK_STATUS : "offline"
2017-02-24T22:49:04.996Z - info: Checking network connection to Slack...
2017-02-24T22:49:07.497Z - info: Checking network connection to Slack...
2017-02-24T22:49:09.997Z - info: Checking network connection to Slack...
2017-02-24T22:49:12.497Z - info: Checking network connection to Slack...
2017-02-24T22:49:12.986Z - info: SET_NETWORK_STATUS : "online"
2017-02-24T23:24:45.265Z - info: SET_NETWORK_STATUS : "offline"
2017-02-24T23:35:55.320Z - info: Checking network connection to Slack...
2017-02-24T23:35:57.820Z - info: Checking network connection to Slack...
2017-02-24T23:35:58.351Z - info: SET_NETWORK_STATUS : "online"
2017-02-24T23:45:57.812Z - info: SET_NETWORK_STATUS : "offline"
2017-02-24T23:54:41.356Z - info: Checking network connection to Slack...
2017-02-24T23:54:43.857Z - info: Checking network connection to Slack...
2017-02-24T23:54:46.357Z - info: Checking network connection to Slack...
2017-02-24T23:54:46.819Z - info: SET_NETWORK_STATUS : "online"
2017-02-25T01:35:14.959Z - info: SELECT_TEAM : "T04UC58N2"
2017-02-25T01:35:14.964Z - info: Team T29BP9W7L was active for 32249928
2017-02-25T01:40:24.059Z - info: SET_NETWORK_STATUS : "offline"
2017-02-27T14:17:39.927Z - info: Checking network connection to Slack...
2017-02-27T14:17:42.428Z - info: Checking network connection to Slack...
2017-02-27T14:17:44.928Z - info: Checking network connection to Slack...
2017-02-27T14:17:45.399Z - info: SET_NETWORK_STATUS : "online"
2017-02-27T14:47:40.816Z - info: SELECT_TEAM : "T29BP9W7L"
2017-02-27T14:47:40.820Z - info: Team T04UC58N2 was active for 220345856
2017-02-27T14:47:49.878Z - info: SET_NETWORK_STATUS : "offline"
2017-02-27T15:17:20.360Z - info: Checking network connection to Slack...
2017-02-27T15:17:22.861Z - info: Checking network connection to Slack...
2017-02-27T15:17:24.754Z - info: SET_NETWORK_STATUS : "online"
2017-02-27T15:38:15.755Z - info: SET_NETWORK_STATUS : "offline"
2017-02-27T16:26:08.653Z - info: Checking network connection to Slack...
2017-02-27T16:26:11.154Z - info: Checking network connection to Slack...
2017-02-27T16:26:13.654Z - info: Checking network connection to Slack...
2017-02-27T16:26:14.142Z - info: SET_NETWORK_STATUS : "online"
2017-02-27T16:34:41.770Z - info: SET_NETWORK_STATUS : "offline"
2017-02-27T16:36:33.293Z - info: Checking network connection to Slack...
2017-02-27T16:36:35.794Z - info: Checking network connection to Slack...
2017-02-27T16:36:36.233Z - info: SET_NETWORK_STATUS : "online"
2017-02-27T16:40:12.165Z - info: SET_NETWORK_STATUS : "offline"
2017-02-27T19:23:05.817Z - info: Checking network connection to Slack...
2017-02-27T19:23:08.318Z - info: Checking network connection to Slack...
2017-02-27T19:23:10.818Z - info: Checking network connection to Slack...
2017-02-27T19:23:11.401Z - info: SET_NETWORK_STATUS : "online"
2017-02-27T22:17:43.060Z - info: SET_NETWORK_STATUS : "offline"
2017-02-27T22:17:59.669Z - info: Checking network connection to Slack...
2017-02-27T22:18:02.170Z - info: Checking network connection to Slack...
2017-02-27T22:18:02.667Z - info: SET_NETWORK_STATUS : "online"
2017-02-27T22:18:18.851Z - info: SET_NETWORK_STATUS : "offline"
2017-02-27T22:56:21.770Z - info: Checking network connection to Slack...
2017-02-27T22:56:24.271Z - info: Checking network connection to Slack...
2017-02-27T22:56:26.771Z - info: Checking network connection to Slack...
2017-02-27T22:56:27.206Z - info: SET_NETWORK_STATUS : "online"
2017-02-28T00:01:44.854Z - info: SET_NETWORK_STATUS : "offline"
2017-02-28T04:55:22.676Z - info: Checking network connection to Slack...
2017-02-28T04:55:25.178Z - info: Checking network connection to Slack...
2017-02-28T04:55:27.678Z - info: Checking network connection to Slack...
2017-02-28T04:55:28.108Z - info: SET_NETWORK_STATUS : "online"
2017-02-28T05:31:01.658Z - info: SET_NETWORK_STATUS : "offline"
2017-02-28T05:42:14.110Z - info: Checking network connection to Slack...
2017-02-28T05:42:16.610Z - info: Checking network connection to Slack...
2017-02-28T05:42:19.110Z - info: Checking network connection to Slack...
2017-02-28T05:42:19.543Z - info: SET_NETWORK_STATUS : "online"
2017-02-28T06:08:15.219Z - info: SET_NETWORK_STATUS : "offline"
2017-03-01T02:33:37.200Z - info: Checking network connection to Slack...
2017-03-01T02:33:39.701Z - info: Checking network connection to Slack...
2017-03-01T02:33:42.200Z - info: Checking network connection to Slack...
2017-03-01T02:33:42.662Z - info: SET_NETWORK_STATUS : "online"
2017-03-01T03:50:09.138Z - info: SET_NETWORK_STATUS : "offline"
2017-03-01T04:20:52.864Z - info: Checking network connection to Slack...
2017-03-01T04:20:55.365Z - info: Checking network connection to Slack...
2017-03-01T04:20:57.865Z - info: Checking network connection to Slack...
2017-03-01T04:21:00.365Z - info: Checking network connection to Slack...
2017-03-01T04:21:00.862Z - info: SET_NETWORK_STATUS : "online"
2017-03-01T04:44:07.934Z - info: SET_NETWORK_STATUS : "offline"
2017-03-01T07:04:27.917Z - info: Checking network connection to Slack...
2017-03-01T07:04:30.418Z - info: Checking network connection to Slack...
2017-03-01T07:04:30.894Z - info: SET_NETWORK_STATUS : "online"
2017-03-01T07:15:13.798Z - info: SET_NETWORK_STATUS : "offline"
2017-03-02T00:46:36.164Z - info: Checking network connection to Slack...
2017-03-02T00:46:38.664Z - info: Checking network connection to Slack...
2017-03-02T00:46:39.206Z - info: SET_NETWORK_STATUS : "online"
2017-03-02T00:46:42.437Z - info: WebView received redirect request from https://stohio.slack.com/messages/@gatesyp/ to http://stohio.slack.com/messages/@gatesyp
2017-03-02T00:46:42.442Z - info: WebView received redirect request from http://stohio.slack.com/messages/@gatesyp to https://stohio.slack.com/messages/@gatesyp
2017-03-02T00:46:46.411Z - info: WebView received redirect request from https://hacsoc.slack.com/messages/general/ to http://hacsoc.slack.com/messages/general
2017-03-02T00:46:46.413Z - info: WebView received redirect request from http://hacsoc.slack.com/messages/general to https://hacsoc.slack.com/messages/general
2017-03-02T02:02:43.097Z - info: SET_NETWORK_STATUS : "offline"
2017-03-02T02:53:59.073Z - info: Checking network connection to Slack...
2017-03-02T02:54:01.574Z - info: Checking network connection to Slack...
2017-03-02T02:54:04.074Z - info: Checking network connection to Slack...
2017-03-02T02:54:04.518Z - info: SET_NETWORK_STATUS : "online"
2017-03-02T03:34:18.858Z - info: SET_NETWORK_STATUS : "offline"
2017-03-03T22:55:05.523Z - info: Checking network connection to Slack...
2017-03-03T22:55:08.024Z - info: Checking network connection to Slack...
2017-03-03T22:55:10.524Z - info: Checking network connection to Slack...
2017-03-03T22:55:11.006Z - info: SET_NETWORK_STATUS : "online"
2017-03-03T23:36:11.115Z - info: SET_NETWORK_STATUS : "offline"
2017-03-04T02:16:22.614Z - info: Checking network connection to Slack...
2017-03-04T02:16:25.116Z - info: Checking network connection to Slack...
2017-03-04T02:16:27.616Z - info: Checking network connection to Slack...
2017-03-04T02:16:28.115Z - info: SET_NETWORK_STATUS : "online"
2017-03-04T02:21:52.227Z - info: SET_NETWORK_STATUS : "offline"
2017-03-04T22:51:09.736Z - info: Checking network connection to Slack...
2017-03-04T22:51:12.237Z - info: Checking network connection to Slack...
2017-03-04T22:51:14.737Z - info: Checking network connection to Slack...
2017-03-04T22:51:15.178Z - info: SET_NETWORK_STATUS : "online"
2017-03-05T00:46:47.287Z - info: SET_NETWORK_STATUS : "offline"
2017-03-05T02:10:15.084Z - info: Checking network connection to Slack...
2017-03-05T02:10:17.585Z - info: Checking network connection to Slack...
2017-03-05T02:10:20.085Z - info: Checking network connection to Slack...
2017-03-05T02:10:20.553Z - info: SET_NETWORK_STATUS : "online"
2017-03-05T02:41:20.222Z - info: SET_NETWORK_STATUS : "offline"
2017-03-05T20:19:49.221Z - info: Checking network connection to Slack...
2017-03-05T20:19:51.723Z - info: Checking network connection to Slack...
2017-03-05T20:19:52.197Z - info: SET_NETWORK_STATUS : "online"
2017-03-05T20:32:11.655Z - info: SET_NETWORK_STATUS : "offline"
2017-03-05T21:15:25.573Z - info: Checking network connection to Slack...
2017-03-05T21:15:28.074Z - info: Checking network connection to Slack...
2017-03-05T21:15:30.574Z - info: Checking network connection to Slack...
2017-03-05T21:15:31.079Z - info: SET_NETWORK_STATUS : "online"
2017-03-05T22:05:29.589Z - info: SET_NETWORK_STATUS : "offline"
2017-03-05T22:13:24.973Z - info: Checking network connection to Slack...
2017-03-05T22:13:27.474Z - info: Checking network connection to Slack...
2017-03-05T22:13:28.262Z - info: SET_NETWORK_STATUS : "online"
2017-03-05T22:21:34.715Z - info: SET_NETWORK_STATUS : "offline"
2017-03-05T22:26:07.982Z - info: Checking network connection to Slack...
2017-03-05T22:26:10.483Z - info: Checking network connection to Slack...
2017-03-05T22:26:10.917Z - info: SET_NETWORK_STATUS : "online"
2017-03-05T22:45:16.982Z - info: SET_NETWORK_STATUS : "offline"
2017-03-05T22:46:55.142Z - info: Checking network connection to Slack...
2017-03-05T22:46:57.643Z - info: Checking network connection to Slack...
2017-03-05T22:46:58.086Z - info: SET_NETWORK_STATUS : "online"
2017-03-05T22:51:42.369Z - info: SET_NETWORK_STATUS : "offline"
2017-03-05T23:53:10.030Z - info: Checking network connection to Slack...
2017-03-05T23:53:12.531Z - info: Checking network connection to Slack...
2017-03-05T23:53:12.971Z - info: SET_NETWORK_STATUS : "online"
2017-03-05T23:53:47.330Z - info: SET_NETWORK_STATUS : "offline"
2017-03-05T23:54:04.083Z - info: Checking network connection to Slack...
2017-03-05T23:54:06.584Z - info: Checking network connection to Slack...
2017-03-05T23:54:07.046Z - info: SET_NETWORK_STATUS : "online"
2017-03-05T23:54:21.825Z - info: SET_NETWORK_STATUS : "offline"
2017-03-06T01:36:53.270Z - info: Checking network connection to Slack...
2017-03-06T01:36:55.771Z - info: Checking network connection to Slack...
2017-03-06T01:36:56.307Z - info: SET_NETWORK_STATUS : "online"
2017-03-06T03:14:02.295Z - info: SET_NETWORK_STATUS : "offline"
2017-03-06T03:56:22.763Z - info: Checking network connection to Slack...
2017-03-06T03:56:25.264Z - info: Checking network connection to Slack...
2017-03-06T03:56:27.764Z - info: Checking network connection to Slack...
2017-03-06T03:56:28.229Z - info: SET_NETWORK_STATUS : "online"
2017-03-06T06:02:53.233Z - info: SET_NETWORK_STATUS : "offline"
