2017-03-06T20:23:15.446Z - info: T29BP9W7L usage: 0
2017-03-06T20:23:15.447Z - info: T04UC58N2 usage: 0
2017-03-06T20:23:15.456Z - info: SET_NETWORK_STATUS : "offline"
2017-03-06T20:23:15.529Z - info: Team T29BP9W7L was active for 82
2017-03-06T20:23:15.530Z - info: UPDATE_TEAM_USAGE : {
  "T29BP9W7L": 82
}
2017-03-06T20:23:15.546Z - warn: Attempting to update TeamsDisplay when unmounted
2017-03-06T20:23:15.546Z - warn: Attempting to update TeamSelector when unmounted
2017-03-06T20:23:15.546Z - warn: Attempting to update TitleBarButtonsContainer when unmounted
2017-03-06T20:23:15.546Z - warn: Attempting to update ScrollableArea when unmounted
2017-03-06T20:23:15.546Z - warn: Attempting to update TeamSelectorItem when unmounted
2017-03-06T20:23:15.546Z - warn: Attempting to update TeamIcon when unmounted
2017-03-06T20:23:15.546Z - warn: Attempting to update TeamSelectorItem when unmounted
2017-03-06T20:23:15.547Z - warn: Attempting to update TeamIcon when unmounted
2017-03-06T20:23:15.547Z - warn: Attempting to update TeamAddButton when unmounted
2017-03-06T20:23:15.547Z - warn: Attempting to update TeamView when unmounted
2017-03-06T20:23:15.547Z - warn: Attempting to update LoadingScreen when unmounted
2017-03-06T20:23:15.547Z - warn: Attempting to update WebViewContext when unmounted
2017-03-06T20:23:15.547Z - warn: Attempting to update TeamView when unmounted
2017-03-06T20:23:15.547Z - warn: Attempting to update LoadingScreen when unmounted
2017-03-06T20:23:15.547Z - warn: Attempting to update WebViewContext when unmounted
2017-03-06T20:23:18.096Z - info: RELOAD : {
  "everything": true
}
