2017-03-09T03:37:59.708Z - info: updateSuspendResume: true
2017-03-09T03:38:00.306Z - info: UPDATE_UNREADS_INFO : {
  "unreads": 1,
  "unreadHighlights": 1,
  "showBullet": true,
  "teamId": "T04UC58N2"
}
2017-03-09T03:38:17.930Z - info: Failed to get messages from webapp: Cannot read property 'recentMessagesFromCurrentChannel' of undefined
2017-03-09T03:40:01.052Z - info: UPDATE_UNREADS_INFO : {
  "unreads": 1,
  "unreadHighlights": 1,
  "showBullet": true,
  "teamId": "T04UC58N2"
}
2017-03-09T03:42:01.028Z - info: UPDATE_UNREADS_INFO : {
  "unreads": 1,
  "unreadHighlights": 1,
  "showBullet": true,
  "teamId": "T04UC58N2"
}
2017-03-09T03:44:01.023Z - info: UPDATE_UNREADS_INFO : {
  "unreads": 1,
  "unreadHighlights": 1,
  "showBullet": true,
  "teamId": "T04UC58N2"
}
2017-03-09T03:46:01.019Z - info: UPDATE_UNREADS_INFO : {
  "unreads": 1,
  "unreadHighlights": 1,
  "showBullet": true,
  "teamId": "T04UC58N2"
}
2017-03-09T03:48:01.002Z - info: UPDATE_UNREADS_INFO : {
  "unreads": 1,
  "unreadHighlights": 1,
  "showBullet": true,
  "teamId": "T04UC58N2"
}
2017-03-09T03:50:01.045Z - info: UPDATE_UNREADS_INFO : {
  "unreads": 1,
  "unreadHighlights": 1,
  "showBullet": true,
  "teamId": "T04UC58N2"
}
2017-03-09T03:52:01.033Z - info: UPDATE_UNREADS_INFO : {
  "unreads": 1,
  "unreadHighlights": 1,
  "showBullet": true,
  "teamId": "T04UC58N2"
}
2017-03-09T03:54:01.031Z - info: UPDATE_UNREADS_INFO : {
  "unreads": 1,
  "unreadHighlights": 1,
  "showBullet": true,
  "teamId": "T04UC58N2"
}
2017-03-09T03:56:01.109Z - info: UPDATE_UNREADS_INFO : {
  "unreads": 1,
  "unreadHighlights": 1,
  "showBullet": true,
  "teamId": "T04UC58N2"
}
2017-03-09T03:58:01.056Z - info: UPDATE_UNREADS_INFO : {
  "unreads": 1,
  "unreadHighlights": 1,
  "showBullet": true,
  "teamId": "T04UC58N2"
}
2017-03-09T04:00:01.033Z - info: UPDATE_UNREADS_INFO : {
  "unreads": 1,
  "unreadHighlights": 1,
  "showBullet": true,
  "teamId": "T04UC58N2"
}
2017-03-09T04:02:01.039Z - info: UPDATE_UNREADS_INFO : {
  "unreads": 1,
  "unreadHighlights": 1,
  "showBullet": true,
  "teamId": "T04UC58N2"
}
2017-03-09T04:04:01.039Z - info: UPDATE_UNREADS_INFO : {
  "unreads": 1,
  "unreadHighlights": 1,
  "showBullet": true,
  "teamId": "T04UC58N2"
}
2017-03-09T04:06:01.050Z - info: UPDATE_UNREADS_INFO : {
  "unreads": 1,
  "unreadHighlights": 1,
  "showBullet": true,
  "teamId": "T04UC58N2"
}
2017-03-09T04:08:01.021Z - info: UPDATE_UNREADS_INFO : {
  "unreads": 1,
  "unreadHighlights": 1,
  "showBullet": true,
  "teamId": "T04UC58N2"
}
2017-03-09T04:10:01.021Z - info: UPDATE_UNREADS_INFO : {
  "unreads": 1,
  "unreadHighlights": 1,
  "showBullet": true,
  "teamId": "T04UC58N2"
}
2017-03-09T04:12:01.013Z - info: UPDATE_UNREADS_INFO : {
  "unreads": 1,
  "unreadHighlights": 1,
  "showBullet": true,
  "teamId": "T04UC58N2"
}
2017-03-09T04:14:01.034Z - info: UPDATE_UNREADS_INFO : {
  "unreads": 1,
  "unreadHighlights": 1,
  "showBullet": true,
  "teamId": "T04UC58N2"
}
2017-03-09T04:16:01.029Z - info: UPDATE_UNREADS_INFO : {
  "unreads": 1,
  "unreadHighlights": 1,
  "showBullet": true,
  "teamId": "T04UC58N2"
}
2017-03-09T04:18:01.016Z - info: UPDATE_UNREADS_INFO : {
  "unreads": 1,
  "unreadHighlights": 1,
  "showBullet": true,
  "teamId": "T04UC58N2"
}
2017-03-09T04:20:01.022Z - info: UPDATE_UNREADS_INFO : {
  "unreads": 1,
  "unreadHighlights": 1,
  "showBullet": true,
  "teamId": "T04UC58N2"
}
2017-03-09T04:22:01.036Z - info: UPDATE_UNREADS_INFO : {
  "unreads": 1,
  "unreadHighlights": 1,
  "showBullet": true,
  "teamId": "T04UC58N2"
}
2017-03-09T04:24:01.086Z - info: UPDATE_UNREADS_INFO : {
  "unreads": 1,
  "unreadHighlights": 1,
  "showBullet": true,
  "teamId": "T04UC58N2"
}
2017-03-09T04:26:01.034Z - info: UPDATE_UNREADS_INFO : {
  "unreads": 1,
  "unreadHighlights": 1,
  "showBullet": true,
  "teamId": "T04UC58N2"
}
2017-03-09T04:28:01.007Z - info: UPDATE_UNREADS_INFO : {
  "unreads": 1,
  "unreadHighlights": 1,
  "showBullet": true,
  "teamId": "T04UC58N2"
}
2017-03-09T04:30:01.023Z - info: UPDATE_UNREADS_INFO : {
  "unreads": 1,
  "unreadHighlights": 1,
  "showBullet": true,
  "teamId": "T04UC58N2"
}
2017-03-09T04:32:01.011Z - info: UPDATE_UNREADS_INFO : {
  "unreads": 1,
  "unreadHighlights": 1,
  "showBullet": true,
  "teamId": "T04UC58N2"
}
2017-03-09T04:49:35.110Z - info: Failed to get messages from webapp: Cannot read property 'recentMessagesFromCurrentChannel' of undefined
2017-03-09T04:51:18.198Z - info: UPDATE_UNREADS_INFO : {
  "unreads": 1,
  "unreadHighlights": 1,
  "showBullet": true,
  "teamId": "T04UC58N2"
}
2017-03-09T04:53:18.198Z - info: UPDATE_UNREADS_INFO : {
  "unreads": 1,
  "unreadHighlights": 1,
  "showBullet": true,
  "teamId": "T04UC58N2"
}
2017-03-09T04:53:37.386Z - info: Window is unloading, winssb is no longer accessible
2017-03-09T04:53:38.005Z - info: updateSuspendResume: true
2017-03-09T04:53:38.942Z - info: SET_TEAM_IDLE_TIMEOUT : {
  "timeout": 14400,
  "teamId": "T04UC58N2"
}
2017-03-09T04:53:39.055Z - info: UPDATE_NO_DRAG_REGION : {
  "region": {
    "id": "search",
    "width": 305,
    "height": 34,
    "top": 13.194443702697754,
    "left": 1523.19873046875
  }
}
2017-03-09T04:53:39.214Z - info: SELECT_CHANNEL : "C04UC58NW"
2017-03-09T04:53:39.221Z - info: UPDATE_TEAM_THEME : {
  "theme": {
    "column_bg": "#4D394B",
    "menu_bg": "#3E313C",
    "active_item": "#4C9689",
    "active_item_text": "#FFFFFF",
    "hover_item": "#3E313C",
    "text_color": "#FFFFFF",
    "active_presence": "#38978D",
    "badge": "#EB4D5C"
  },
  "teamId": "T04UC58N2"
}
2017-03-09T04:53:39.803Z - info: UPDATE_TEAM_ICONS : {
  "icons": {
    "image_34": "https://s3-us-west-2.amazonaws.com/slack-files2/avatars/2015-09-17/10903580342_da55c7eb71902585f094_34.jpg",
    "image_44": "https://s3-us-west-2.amazonaws.com/slack-files2/avatars/2015-09-17/10903580342_da55c7eb71902585f094_44.jpg",
    "image_68": "https://s3-us-west-2.amazonaws.com/slack-files2/avatars/2015-09-17/10903580342_da55c7eb71902585f094_68.jpg",
    "image_88": "https://s3-us-west-2.amazonaws.com/slack-files2/avatars/2015-09-17/10903580342_da55c7eb71902585f094_88.jpg",
    "image_102": "https://s3-us-west-2.amazonaws.com/slack-files2/avatars/2015-09-17/10903580342_da55c7eb71902585f094_102.jpg",
    "image_132": "https://s3-us-west-2.amazonaws.com/slack-files2/avatars/2015-09-17/10903580342_da55c7eb71902585f094_132.jpg",
    "image_original": "https://s3-us-west-2.amazonaws.com/slack-files2/avatars/2015-09-17/10903580342_da55c7eb71902585f094_original.jpg",
    "image_230": "https://s3-us-west-2.amazonaws.com/slack-files2/avatars/2015-09-17/10903580342_da55c7eb71902585f094_132.jpg"
  },
  "teamId": "T04UC58N2"
}
2017-03-09T04:53:40.016Z - info: UPDATE_UNREADS_INFO : {
  "unreads": 0,
  "unreadHighlights": 0,
  "showBullet": true,
  "teamId": "T04UC58N2"
}
2017-03-09T04:53:40.205Z - info: UPDATE_UNREADS_INFO : {
  "unreads": 48,
  "unreadHighlights": 2,
  "showBullet": true,
  "teamId": "T04UC58N2"
}
2017-03-09T04:53:40.207Z - info: UPDATE_UNREADS_INFO : {
  "unreads": 48,
  "unreadHighlights": 2,
  "showBullet": true,
  "teamId": "T04UC58N2"
}
2017-03-09T04:53:40.228Z - info: UPDATE_UNREADS_INFO : {
  "unreads": 48,
  "unreadHighlights": 2,
  "showBullet": true,
  "teamId": "T04UC58N2"
}
2017-03-09T04:53:40.228Z - info: UPDATE_UNREADS_INFO : {
  "unreads": 48,
  "unreadHighlights": 2,
  "showBullet": true,
  "teamId": "T04UC58N2"
}
2017-03-09T04:53:40.230Z - info: UPDATE_UNREADS_INFO : {
  "unreads": 48,
  "unreadHighlights": 2,
  "showBullet": true,
  "teamId": "T04UC58N2"
}
2017-03-09T04:53:40.231Z - info: UPDATE_UNREADS_INFO : {
  "unreads": 48,
  "unreadHighlights": 2,
  "showBullet": true,
  "teamId": "T04UC58N2"
}
2017-03-09T04:53:40.231Z - info: UPDATE_UNREADS_INFO : {
  "unreads": 48,
  "unreadHighlights": 2,
  "showBullet": true,
  "teamId": "T04UC58N2"
}
2017-03-09T04:53:40.232Z - info: UPDATE_UNREADS_INFO : {
  "unreads": 48,
  "unreadHighlights": 2,
  "showBullet": true,
  "teamId": "T04UC58N2"
}
2017-03-09T04:53:40.233Z - info: UPDATE_UNREADS_INFO : {
  "unreads": 52,
  "unreadHighlights": 2,
  "showBullet": true,
  "teamId": "T04UC58N2"
}
2017-03-09T04:53:40.427Z - info: Raw Locale list: ["C","en_US","en_US.iso88591","en_US.utf8","POSIX",""]
2017-03-09T04:53:40.427Z - info: Filtered Locale list: ["en_US","en_US","en_US"]
2017-03-09T04:53:40.428Z - info: Counts: {"en":["en_US","en_US","en_US"]}
2017-03-09T04:53:40.428Z - info: Result: {"en":"en-US"}
2017-03-09T04:53:40.430Z - info: Loading dictionary for language en-US
2017-03-09T04:53:40.430Z - info: Returning local copy: /home/matthew/.config/Slack/dictionaries/en-US.bdic
2017-03-09T04:53:40.438Z - info: Setting current spellchecker to en-US, requested language was en-US
2017-03-09T04:53:40.438Z - info: Creating node-spellchecker instance
2017-03-09T04:53:40.439Z - info: Actually installing spell check provider to Electron
2017-03-09T04:53:40.481Z - info: UPDATE_UNREADS_INFO : {
  "unreads": 63,
  "unreadHighlights": 2,
  "showBullet": true,
  "teamId": "T04UC58N2"
}
2017-03-09T04:53:40.495Z - info: UPDATE_UNREADS_INFO : {
  "unreads": 104,
  "unreadHighlights": 3,
  "showBullet": true,
  "teamId": "T04UC58N2"
}
2017-03-09T04:53:40.496Z - info: UPDATE_UNREADS_INFO : {
  "unreads": 104,
  "unreadHighlights": 3,
  "showBullet": true,
  "teamId": "T04UC58N2"
}
2017-03-09T04:53:41.139Z - info: UPDATE_UNREADS_INFO : {
  "unreads": 132,
  "unreadHighlights": 5,
  "showBullet": true,
  "teamId": "T04UC58N2"
}
2017-03-09T04:53:41.140Z - info: UPDATE_UNREADS_INFO : {
  "unreads": 132,
  "unreadHighlights": 5,
  "showBullet": true,
  "teamId": "T04UC58N2"
}
2017-03-09T04:53:41.246Z - info: Loading dictionary for language en-US
2017-03-09T04:53:41.246Z - info: Returning local copy: /home/matthew/.config/Slack/dictionaries/en-US.bdic
2017-03-09T04:53:41.265Z - info: UPDATE_UNREADS_INFO : {
  "unreads": 150,
  "unreadHighlights": 5,
  "showBullet": true,
  "teamId": "T04UC58N2"
}
2017-03-09T04:53:41.335Z - info: UPDATE_UNREADS_INFO : {
  "unreads": 169,
  "unreadHighlights": 5,
  "showBullet": true,
  "teamId": "T04UC58N2"
}
2017-03-09T04:53:41.386Z - info: Setting current spellchecker to en-US, requested language was en-US
2017-03-09T04:53:44.560Z - info: UPDATE_UNREADS_INFO : {
  "unreads": 170,
  "unreadHighlights": 5,
  "showBullet": true,
  "teamId": "T04UC58N2"
}
2017-03-09T06:02:23.697Z - info: UPDATE_TEAM_ICONS : {
  "icons": {
    "image_34": "https://s3-us-west-2.amazonaws.com/slack-files2/avatars/2015-09-17/10903580342_da55c7eb71902585f094_34.jpg",
    "image_44": "https://s3-us-west-2.amazonaws.com/slack-files2/avatars/2015-09-17/10903580342_da55c7eb71902585f094_44.jpg",
    "image_68": "https://s3-us-west-2.amazonaws.com/slack-files2/avatars/2015-09-17/10903580342_da55c7eb71902585f094_68.jpg",
    "image_88": "https://s3-us-west-2.amazonaws.com/slack-files2/avatars/2015-09-17/10903580342_da55c7eb71902585f094_88.jpg",
    "image_102": "https://s3-us-west-2.amazonaws.com/slack-files2/avatars/2015-09-17/10903580342_da55c7eb71902585f094_102.jpg",
    "image_132": "https://s3-us-west-2.amazonaws.com/slack-files2/avatars/2015-09-17/10903580342_da55c7eb71902585f094_132.jpg",
    "image_original": "https://s3-us-west-2.amazonaws.com/slack-files2/avatars/2015-09-17/10903580342_da55c7eb71902585f094_original.jpg",
    "image_230": "https://s3-us-west-2.amazonaws.com/slack-files2/avatars/2015-09-17/10903580342_da55c7eb71902585f094_132.jpg"
  },
  "teamId": "T04UC58N2"
}
2017-03-09T06:02:24.263Z - info: UPDATE_UNREADS_INFO : {
  "unreads": 170,
  "unreadHighlights": 5,
  "showBullet": true,
  "teamId": "T04UC58N2"
}
2017-03-09T06:02:24.291Z - info: UPDATE_UNREADS_INFO : {
  "unreads": 170,
  "unreadHighlights": 2,
  "showBullet": true,
  "teamId": "T04UC58N2"
}
2017-03-09T06:02:24.292Z - info: UPDATE_UNREADS_INFO : {
  "unreads": 170,
  "unreadHighlights": 2,
  "showBullet": true,
  "teamId": "T04UC58N2"
}
2017-03-09T06:02:24.292Z - info: UPDATE_UNREADS_INFO : {
  "unreads": 170,
  "unreadHighlights": 1,
  "showBullet": true,
  "teamId": "T04UC58N2"
}
2017-03-09T19:44:51.433Z - info: UPDATE_TEAM_ICONS : {
  "icons": {
    "image_34": "https://s3-us-west-2.amazonaws.com/slack-files2/avatars/2015-09-17/10903580342_da55c7eb71902585f094_34.jpg",
    "image_44": "https://s3-us-west-2.amazonaws.com/slack-files2/avatars/2015-09-17/10903580342_da55c7eb71902585f094_44.jpg",
    "image_68": "https://s3-us-west-2.amazonaws.com/slack-files2/avatars/2015-09-17/10903580342_da55c7eb71902585f094_68.jpg",
    "image_88": "https://s3-us-west-2.amazonaws.com/slack-files2/avatars/2015-09-17/10903580342_da55c7eb71902585f094_88.jpg",
    "image_102": "https://s3-us-west-2.amazonaws.com/slack-files2/avatars/2015-09-17/10903580342_da55c7eb71902585f094_102.jpg",
    "image_132": "https://s3-us-west-2.amazonaws.com/slack-files2/avatars/2015-09-17/10903580342_da55c7eb71902585f094_132.jpg",
    "image_original": "https://s3-us-west-2.amazonaws.com/slack-files2/avatars/2015-09-17/10903580342_da55c7eb71902585f094_original.jpg",
    "image_230": "https://s3-us-west-2.amazonaws.com/slack-files2/avatars/2015-09-17/10903580342_da55c7eb71902585f094_132.jpg"
  },
  "teamId": "T04UC58N2"
}
2017-03-09T19:44:51.974Z - info: UPDATE_UNREADS_INFO : {
  "unreads": 170,
  "unreadHighlights": 1,
  "showBullet": true,
  "teamId": "T04UC58N2"
}
2017-03-09T19:44:52.004Z - info: UPDATE_UNREADS_INFO : {
  "unreads": 170,
  "unreadHighlights": 1,
  "showBullet": true,
  "teamId": "T04UC58N2"
}
2017-03-09T19:44:52.105Z - info: UPDATE_UNREADS_INFO : {
  "unreads": 192,
  "unreadHighlights": 1,
  "showBullet": true,
  "teamId": "T04UC58N2"
}
2017-03-09T20:53:34.733Z - info: UPDATE_TEAM_ICONS : {
  "icons": {
    "image_34": "https://s3-us-west-2.amazonaws.com/slack-files2/avatars/2015-09-17/10903580342_da55c7eb71902585f094_34.jpg",
    "image_44": "https://s3-us-west-2.amazonaws.com/slack-files2/avatars/2015-09-17/10903580342_da55c7eb71902585f094_44.jpg",
    "image_68": "https://s3-us-west-2.amazonaws.com/slack-files2/avatars/2015-09-17/10903580342_da55c7eb71902585f094_68.jpg",
    "image_88": "https://s3-us-west-2.amazonaws.com/slack-files2/avatars/2015-09-17/10903580342_da55c7eb71902585f094_88.jpg",
    "image_102": "https://s3-us-west-2.amazonaws.com/slack-files2/avatars/2015-09-17/10903580342_da55c7eb71902585f094_102.jpg",
    "image_132": "https://s3-us-west-2.amazonaws.com/slack-files2/avatars/2015-09-17/10903580342_da55c7eb71902585f094_132.jpg",
    "image_original": "https://s3-us-west-2.amazonaws.com/slack-files2/avatars/2015-09-17/10903580342_da55c7eb71902585f094_original.jpg",
    "image_230": "https://s3-us-west-2.amazonaws.com/slack-files2/avatars/2015-09-17/10903580342_da55c7eb71902585f094_132.jpg"
  },
  "teamId": "T04UC58N2"
}
2017-03-09T20:53:35.338Z - info: UPDATE_UNREADS_INFO : {
  "unreads": 192,
  "unreadHighlights": 1,
  "showBullet": true,
  "teamId": "T04UC58N2"
}
2017-03-09T20:53:35.365Z - info: UPDATE_UNREADS_INFO : {
  "unreads": 192,
  "unreadHighlights": 1,
  "showBullet": true,
  "teamId": "T04UC58N2"
}
2017-03-09T21:06:15.029Z - info: UPDATE_UNREADS_INFO : {
  "unreads": 193,
  "unreadHighlights": 1,
  "showBullet": true,
  "teamId": "T04UC58N2"
}
2017-03-09T21:06:16.463Z - info: UPDATE_UNREADS_INFO : {
  "unreads": 194,
  "unreadHighlights": 1,
  "showBullet": true,
  "teamId": "T04UC58N2"
}
2017-03-09T21:10:49.923Z - info: UPDATE_UNREADS_INFO : {
  "unreads": 195,
  "unreadHighlights": 1,
  "showBullet": true,
  "teamId": "T04UC58N2"
}
2017-03-10T03:38:43.903Z - info: UPDATE_TEAM_ICONS : {
  "icons": {
    "image_34": "https://s3-us-west-2.amazonaws.com/slack-files2/avatars/2015-09-17/10903580342_da55c7eb71902585f094_34.jpg",
    "image_44": "https://s3-us-west-2.amazonaws.com/slack-files2/avatars/2015-09-17/10903580342_da55c7eb71902585f094_44.jpg",
    "image_68": "https://s3-us-west-2.amazonaws.com/slack-files2/avatars/2015-09-17/10903580342_da55c7eb71902585f094_68.jpg",
    "image_88": "https://s3-us-west-2.amazonaws.com/slack-files2/avatars/2015-09-17/10903580342_da55c7eb71902585f094_88.jpg",
    "image_102": "https://s3-us-west-2.amazonaws.com/slack-files2/avatars/2015-09-17/10903580342_da55c7eb71902585f094_102.jpg",
    "image_132": "https://s3-us-west-2.amazonaws.com/slack-files2/avatars/2015-09-17/10903580342_da55c7eb71902585f094_132.jpg",
    "image_original": "https://s3-us-west-2.amazonaws.com/slack-files2/avatars/2015-09-17/10903580342_da55c7eb71902585f094_original.jpg",
    "image_230": "https://s3-us-west-2.amazonaws.com/slack-files2/avatars/2015-09-17/10903580342_da55c7eb71902585f094_132.jpg"
  },
  "teamId": "T04UC58N2"
}
2017-03-10T03:38:44.548Z - info: UPDATE_UNREADS_INFO : {
  "unreads": 195,
  "unreadHighlights": 1,
  "showBullet": true,
  "teamId": "T04UC58N2"
}
2017-03-10T03:38:44.604Z - info: UPDATE_UNREADS_INFO : {
  "unreads": 195,
  "unreadHighlights": 1,
  "showBullet": true,
  "teamId": "T04UC58N2"
}
2017-03-10T03:38:44.645Z - info: UPDATE_UNREADS_INFO : {
  "unreads": 196,
  "unreadHighlights": 1,
  "showBullet": true,
  "teamId": "T04UC58N2"
}
2017-03-10T03:38:45.052Z - info: UPDATE_UNREADS_INFO : {
  "unreads": 199,
  "unreadHighlights": 1,
  "showBullet": true,
  "teamId": "T04UC58N2"
}
2017-03-10T05:46:19.329Z - info: UPDATE_TEAM_ICONS : {
  "icons": {
    "image_34": "https://s3-us-west-2.amazonaws.com/slack-files2/avatars/2015-09-17/10903580342_da55c7eb71902585f094_34.jpg",
    "image_44": "https://s3-us-west-2.amazonaws.com/slack-files2/avatars/2015-09-17/10903580342_da55c7eb71902585f094_44.jpg",
    "image_68": "https://s3-us-west-2.amazonaws.com/slack-files2/avatars/2015-09-17/10903580342_da55c7eb71902585f094_68.jpg",
    "image_88": "https://s3-us-west-2.amazonaws.com/slack-files2/avatars/2015-09-17/10903580342_da55c7eb71902585f094_88.jpg",
    "image_102": "https://s3-us-west-2.amazonaws.com/slack-files2/avatars/2015-09-17/10903580342_da55c7eb71902585f094_102.jpg",
    "image_132": "https://s3-us-west-2.amazonaws.com/slack-files2/avatars/2015-09-17/10903580342_da55c7eb71902585f094_132.jpg",
    "image_original": "https://s3-us-west-2.amazonaws.com/slack-files2/avatars/2015-09-17/10903580342_da55c7eb71902585f094_original.jpg",
    "image_230": "https://s3-us-west-2.amazonaws.com/slack-files2/avatars/2015-09-17/10903580342_da55c7eb71902585f094_132.jpg"
  },
  "teamId": "T04UC58N2"
}
2017-03-10T05:46:19.976Z - info: UPDATE_UNREADS_INFO : {
  "unreads": 199,
  "unreadHighlights": 1,
  "showBullet": true,
  "teamId": "T04UC58N2"
}
2017-03-10T05:46:20.008Z - info: UPDATE_UNREADS_INFO : {
  "unreads": 199,
  "unreadHighlights": 1,
  "showBullet": true,
  "teamId": "T04UC58N2"
}
2017-03-10T15:43:44.906Z - info: UPDATE_TEAM_ICONS : {
  "icons": {
    "image_34": "https://s3-us-west-2.amazonaws.com/slack-files2/avatars/2015-09-17/10903580342_da55c7eb71902585f094_34.jpg",
    "image_44": "https://s3-us-west-2.amazonaws.com/slack-files2/avatars/2015-09-17/10903580342_da55c7eb71902585f094_44.jpg",
    "image_68": "https://s3-us-west-2.amazonaws.com/slack-files2/avatars/2015-09-17/10903580342_da55c7eb71902585f094_68.jpg",
    "image_88": "https://s3-us-west-2.amazonaws.com/slack-files2/avatars/2015-09-17/10903580342_da55c7eb71902585f094_88.jpg",
    "image_102": "https://s3-us-west-2.amazonaws.com/slack-files2/avatars/2015-09-17/10903580342_da55c7eb71902585f094_102.jpg",
    "image_132": "https://s3-us-west-2.amazonaws.com/slack-files2/avatars/2015-09-17/10903580342_da55c7eb71902585f094_132.jpg",
    "image_original": "https://s3-us-west-2.amazonaws.com/slack-files2/avatars/2015-09-17/10903580342_da55c7eb71902585f094_original.jpg",
    "image_230": "https://s3-us-west-2.amazonaws.com/slack-files2/avatars/2015-09-17/10903580342_da55c7eb71902585f094_132.jpg"
  },
  "teamId": "T04UC58N2"
}
2017-03-10T15:43:45.588Z - info: UPDATE_UNREADS_INFO : {
  "unreads": 199,
  "unreadHighlights": 1,
  "showBullet": true,
  "teamId": "T04UC58N2"
}
2017-03-10T15:43:45.596Z - info: UPDATE_UNREADS_INFO : {
  "unreads": 199,
  "unreadHighlights": 1,
  "showBullet": true,
  "teamId": "T04UC58N2"
}
2017-03-10T15:43:45.656Z - info: UPDATE_UNREADS_INFO : {
  "unreads": 200,
  "unreadHighlights": 1,
  "showBullet": true,
  "teamId": "T04UC58N2"
}
2017-03-10T15:43:46.013Z - info: UPDATE_UNREADS_INFO : {
  "unreads": 207,
  "unreadHighlights": 1,
  "showBullet": true,
  "teamId": "T04UC58N2"
}
2017-03-10T16:07:55.575Z - info: UPDATE_UNREADS_INFO : {
  "unreads": 208,
  "unreadHighlights": 1,
  "showBullet": true,
  "teamId": "T04UC58N2"
}
2017-03-10T16:36:47.818Z - info: UPDATE_TEAM_ICONS : {
  "icons": {
    "image_34": "https://s3-us-west-2.amazonaws.com/slack-files2/avatars/2015-09-17/10903580342_da55c7eb71902585f094_34.jpg",
    "image_44": "https://s3-us-west-2.amazonaws.com/slack-files2/avatars/2015-09-17/10903580342_da55c7eb71902585f094_44.jpg",
    "image_68": "https://s3-us-west-2.amazonaws.com/slack-files2/avatars/2015-09-17/10903580342_da55c7eb71902585f094_68.jpg",
    "image_88": "https://s3-us-west-2.amazonaws.com/slack-files2/avatars/2015-09-17/10903580342_da55c7eb71902585f094_88.jpg",
    "image_102": "https://s3-us-west-2.amazonaws.com/slack-files2/avatars/2015-09-17/10903580342_da55c7eb71902585f094_102.jpg",
    "image_132": "https://s3-us-west-2.amazonaws.com/slack-files2/avatars/2015-09-17/10903580342_da55c7eb71902585f094_132.jpg",
    "image_original": "https://s3-us-west-2.amazonaws.com/slack-files2/avatars/2015-09-17/10903580342_da55c7eb71902585f094_original.jpg",
    "image_230": "https://s3-us-west-2.amazonaws.com/slack-files2/avatars/2015-09-17/10903580342_da55c7eb71902585f094_132.jpg"
  },
  "teamId": "T04UC58N2"
}
2017-03-10T16:36:48.506Z - info: UPDATE_UNREADS_INFO : {
  "unreads": 208,
  "unreadHighlights": 1,
  "showBullet": true,
  "teamId": "T04UC58N2"
}
2017-03-10T16:36:48.515Z - info: UPDATE_UNREADS_INFO : {
  "unreads": 208,
  "unreadHighlights": 1,
  "showBullet": true,
  "teamId": "T04UC58N2"
}
2017-03-10T16:36:48.645Z - info: UPDATE_UNREADS_INFO : {
  "unreads": 210,
  "unreadHighlights": 1,
  "showBullet": true,
  "teamId": "T04UC58N2"
}
2017-03-10T16:40:13.127Z - info: UPDATE_UNREADS_INFO : {
  "unreads": 210,
  "unreadHighlights": 1,
  "showBullet": true,
  "teamId": "T04UC58N2"
}
2017-03-10T16:51:14.904Z - info: UPDATE_UNREADS_INFO : {
  "unreads": 210,
  "unreadHighlights": 1,
  "showBullet": true,
  "teamId": "T04UC58N2"
}
2017-03-10T16:51:15.517Z - info: UPDATE_TEAM_ICONS : {
  "icons": {
    "image_34": "https://s3-us-west-2.amazonaws.com/slack-files2/avatars/2015-09-17/10903580342_da55c7eb71902585f094_34.jpg",
    "image_44": "https://s3-us-west-2.amazonaws.com/slack-files2/avatars/2015-09-17/10903580342_da55c7eb71902585f094_44.jpg",
    "image_68": "https://s3-us-west-2.amazonaws.com/slack-files2/avatars/2015-09-17/10903580342_da55c7eb71902585f094_68.jpg",
    "image_88": "https://s3-us-west-2.amazonaws.com/slack-files2/avatars/2015-09-17/10903580342_da55c7eb71902585f094_88.jpg",
    "image_102": "https://s3-us-west-2.amazonaws.com/slack-files2/avatars/2015-09-17/10903580342_da55c7eb71902585f094_102.jpg",
    "image_132": "https://s3-us-west-2.amazonaws.com/slack-files2/avatars/2015-09-17/10903580342_da55c7eb71902585f094_132.jpg",
    "image_original": "https://s3-us-west-2.amazonaws.com/slack-files2/avatars/2015-09-17/10903580342_da55c7eb71902585f094_original.jpg",
    "image_230": "https://s3-us-west-2.amazonaws.com/slack-files2/avatars/2015-09-17/10903580342_da55c7eb71902585f094_132.jpg"
  },
  "teamId": "T04UC58N2"
}
2017-03-10T16:51:16.185Z - info: UPDATE_UNREADS_INFO : {
  "unreads": 210,
  "unreadHighlights": 1,
  "showBullet": true,
  "teamId": "T04UC58N2"
}
2017-03-10T16:51:16.194Z - info: UPDATE_UNREADS_INFO : {
  "unreads": 210,
  "unreadHighlights": 1,
  "showBullet": true,
  "teamId": "T04UC58N2"
}
2017-03-10T17:17:39.759Z - info: UPDATE_TEAM_ICONS : {
  "icons": {
    "image_34": "https://s3-us-west-2.amazonaws.com/slack-files2/avatars/2015-09-17/10903580342_da55c7eb71902585f094_34.jpg",
    "image_44": "https://s3-us-west-2.amazonaws.com/slack-files2/avatars/2015-09-17/10903580342_da55c7eb71902585f094_44.jpg",
    "image_68": "https://s3-us-west-2.amazonaws.com/slack-files2/avatars/2015-09-17/10903580342_da55c7eb71902585f094_68.jpg",
    "image_88": "https://s3-us-west-2.amazonaws.com/slack-files2/avatars/2015-09-17/10903580342_da55c7eb71902585f094_88.jpg",
    "image_102": "https://s3-us-west-2.amazonaws.com/slack-files2/avatars/2015-09-17/10903580342_da55c7eb71902585f094_102.jpg",
    "image_132": "https://s3-us-west-2.amazonaws.com/slack-files2/avatars/2015-09-17/10903580342_da55c7eb71902585f094_132.jpg",
    "image_original": "https://s3-us-west-2.amazonaws.com/slack-files2/avatars/2015-09-17/10903580342_da55c7eb71902585f094_original.jpg",
    "image_230": "https://s3-us-west-2.amazonaws.com/slack-files2/avatars/2015-09-17/10903580342_da55c7eb71902585f094_132.jpg"
  },
  "teamId": "T04UC58N2"
}
2017-03-10T17:17:40.381Z - info: UPDATE_UNREADS_INFO : {
  "unreads": 210,
  "unreadHighlights": 1,
  "showBullet": true,
  "teamId": "T04UC58N2"
}
2017-03-10T17:17:40.459Z - info: UPDATE_UNREADS_INFO : {
  "unreads": 210,
  "unreadHighlights": 1,
  "showBullet": true,
  "teamId": "T04UC58N2"
}
2017-03-10T17:17:41.190Z - info: UPDATE_UNREADS_INFO : {
  "unreads": 212,
  "unreadHighlights": 1,
  "showBullet": true,
  "teamId": "T04UC58N2"
}
2017-03-10T19:15:37.071Z - info: UPDATE_TEAM_ICONS : {
  "icons": {
    "image_34": "https://s3-us-west-2.amazonaws.com/slack-files2/avatars/2015-09-17/10903580342_da55c7eb71902585f094_34.jpg",
    "image_44": "https://s3-us-west-2.amazonaws.com/slack-files2/avatars/2015-09-17/10903580342_da55c7eb71902585f094_44.jpg",
    "image_68": "https://s3-us-west-2.amazonaws.com/slack-files2/avatars/2015-09-17/10903580342_da55c7eb71902585f094_68.jpg",
    "image_88": "https://s3-us-west-2.amazonaws.com/slack-files2/avatars/2015-09-17/10903580342_da55c7eb71902585f094_88.jpg",
    "image_102": "https://s3-us-west-2.amazonaws.com/slack-files2/avatars/2015-09-17/10903580342_da55c7eb71902585f094_102.jpg",
    "image_132": "https://s3-us-west-2.amazonaws.com/slack-files2/avatars/2015-09-17/10903580342_da55c7eb71902585f094_132.jpg",
    "image_original": "https://s3-us-west-2.amazonaws.com/slack-files2/avatars/2015-09-17/10903580342_da55c7eb71902585f094_original.jpg",
    "image_230": "https://s3-us-west-2.amazonaws.com/slack-files2/avatars/2015-09-17/10903580342_da55c7eb71902585f094_132.jpg"
  },
  "teamId": "T04UC58N2"
}
2017-03-10T19:15:37.715Z - info: UPDATE_UNREADS_INFO : {
  "unreads": 212,
  "unreadHighlights": 1,
  "showBullet": true,
  "teamId": "T04UC58N2"
}
2017-03-10T19:15:37.731Z - info: UPDATE_UNREADS_INFO : {
  "unreads": 212,
  "unreadHighlights": 1,
  "showBullet": true,
  "teamId": "T04UC58N2"
}
2017-03-10T19:38:31.053Z - info: UPDATE_UNREADS_INFO : {
  "unreads": 213,
  "unreadHighlights": 2,
  "showBullet": true,
  "teamId": "T04UC58N2"
}
2017-03-10T19:38:31.054Z - info: UPDATE_UNREADS_INFO : {
  "unreads": 213,
  "unreadHighlights": 2,
  "showBullet": true,
  "teamId": "T04UC58N2"
}
2017-03-10T19:38:31.071Z - info: NEW_NOTIFICATION : {
  "id": "3j0NimhDMO0LwXg",
  "launchUri": "slack://channel?id=C04UC58NW&message=1489174388.995734&team=T04UC58N2",
  "imageUri": null,
  "channel": "C04UC58NW",
  "msg": "1489174388.995734",
  "avatarImage": "https://ca.slack-edge.com/T04UC58N2-U0D58R5SQ-g670051377f4-512",
  "ssbFilename": "knock_brush.mp3",
  "teamId": "T04UC58N2"
}
2017-03-10T19:39:08.347Z - info: UPDATE_UNREADS_INFO : {
  "unreads": 214,
  "unreadHighlights": 2,
  "showBullet": true,
  "teamId": "T04UC58N2"
}
2017-03-10T19:39:17.689Z - info: UPDATE_UNREADS_INFO : {
  "unreads": 215,
  "unreadHighlights": 2,
  "showBullet": true,
  "teamId": "T04UC58N2"
}
2017-03-10T19:39:30.715Z - info: UPDATE_UNREADS_INFO : {
  "unreads": 216,
  "unreadHighlights": 2,
  "showBullet": true,
  "teamId": "T04UC58N2"
}
2017-03-10T19:39:53.254Z - info: UPDATE_UNREADS_INFO : {
  "unreads": 217,
  "unreadHighlights": 2,
  "showBullet": true,
  "teamId": "T04UC58N2"
}
2017-03-10T19:40:00.356Z - info: UPDATE_UNREADS_INFO : {
  "unreads": 218,
  "unreadHighlights": 2,
  "showBullet": true,
  "teamId": "T04UC58N2"
}
2017-03-10T19:40:34.092Z - info: UPDATE_UNREADS_INFO : {
  "unreads": 219,
  "unreadHighlights": 2,
  "showBullet": true,
  "teamId": "T04UC58N2"
}
2017-03-10T20:01:20.206Z - info: UPDATE_UNREADS_INFO : {
  "unreads": 220,
  "unreadHighlights": 1,
  "showBullet": true,
  "teamId": "T04UC58N2"
}
2017-03-10T20:01:20.207Z - info: UPDATE_UNREADS_INFO : {
  "unreads": 220,
  "unreadHighlights": 1,
  "showBullet": true,
  "teamId": "T04UC58N2"
}
2017-03-10T21:28:44.420Z - info: UPDATE_TEAM_ICONS : {
  "icons": {
    "image_34": "https://s3-us-west-2.amazonaws.com/slack-files2/avatars/2015-09-17/10903580342_da55c7eb71902585f094_34.jpg",
    "image_44": "https://s3-us-west-2.amazonaws.com/slack-files2/avatars/2015-09-17/10903580342_da55c7eb71902585f094_44.jpg",
    "image_68": "https://s3-us-west-2.amazonaws.com/slack-files2/avatars/2015-09-17/10903580342_da55c7eb71902585f094_68.jpg",
    "image_88": "https://s3-us-west-2.amazonaws.com/slack-files2/avatars/2015-09-17/10903580342_da55c7eb71902585f094_88.jpg",
    "image_102": "https://s3-us-west-2.amazonaws.com/slack-files2/avatars/2015-09-17/10903580342_da55c7eb71902585f094_102.jpg",
    "image_132": "https://s3-us-west-2.amazonaws.com/slack-files2/avatars/2015-09-17/10903580342_da55c7eb71902585f094_132.jpg",
    "image_original": "https://s3-us-west-2.amazonaws.com/slack-files2/avatars/2015-09-17/10903580342_da55c7eb71902585f094_original.jpg",
    "image_230": "https://s3-us-west-2.amazonaws.com/slack-files2/avatars/2015-09-17/10903580342_da55c7eb71902585f094_132.jpg"
  },
  "teamId": "T04UC58N2"
}
2017-03-10T21:28:45.069Z - info: UPDATE_UNREADS_INFO : {
  "unreads": 220,
  "unreadHighlights": 1,
  "showBullet": true,
  "teamId": "T04UC58N2"
}
2017-03-10T21:28:45.098Z - info: UPDATE_UNREADS_INFO : {
  "unreads": 220,
  "unreadHighlights": 1,
  "showBullet": true,
  "teamId": "T04UC58N2"
}
2017-03-10T21:28:45.232Z - info: UPDATE_UNREADS_INFO : {
  "unreads": 222,
  "unreadHighlights": 1,
  "showBullet": true,
  "teamId": "T04UC58N2"
}
2017-03-11T21:34:31.189Z - info: UPDATE_TEAM_ICONS : {
  "icons": {
    "image_34": "https://s3-us-west-2.amazonaws.com/slack-files2/avatars/2015-09-17/10903580342_da55c7eb71902585f094_34.jpg",
    "image_44": "https://s3-us-west-2.amazonaws.com/slack-files2/avatars/2015-09-17/10903580342_da55c7eb71902585f094_44.jpg",
    "image_68": "https://s3-us-west-2.amazonaws.com/slack-files2/avatars/2015-09-17/10903580342_da55c7eb71902585f094_68.jpg",
    "image_88": "https://s3-us-west-2.amazonaws.com/slack-files2/avatars/2015-09-17/10903580342_da55c7eb71902585f094_88.jpg",
    "image_102": "https://s3-us-west-2.amazonaws.com/slack-files2/avatars/2015-09-17/10903580342_da55c7eb71902585f094_102.jpg",
    "image_132": "https://s3-us-west-2.amazonaws.com/slack-files2/avatars/2015-09-17/10903580342_da55c7eb71902585f094_132.jpg",
    "image_original": "https://s3-us-west-2.amazonaws.com/slack-files2/avatars/2015-09-17/10903580342_da55c7eb71902585f094_original.jpg",
    "image_230": "https://s3-us-west-2.amazonaws.com/slack-files2/avatars/2015-09-17/10903580342_da55c7eb71902585f094_132.jpg"
  },
  "teamId": "T04UC58N2"
}
2017-03-11T21:34:31.877Z - info: UPDATE_UNREADS_INFO : {
  "unreads": 222,
  "unreadHighlights": 1,
  "showBullet": true,
  "teamId": "T04UC58N2"
}
2017-03-11T21:34:31.920Z - info: UPDATE_UNREADS_INFO : {
  "unreads": 222,
  "unreadHighlights": 1,
  "showBullet": true,
  "teamId": "T04UC58N2"
}
2017-03-11T21:34:32.361Z - info: UPDATE_UNREADS_INFO : {
  "unreads": 227,
  "unreadHighlights": 1,
  "showBullet": true,
  "teamId": "T04UC58N2"
}
2017-03-11T21:34:32.881Z - info: UPDATE_UNREADS_INFO : {
  "unreads": 230,
  "unreadHighlights": 1,
  "showBullet": true,
  "teamId": "T04UC58N2"
}
